{"meta": {"format": 3, "version": "7.11.0", "timestamp": "2025-10-27T18:00:03.323784", "branch_coverage": false, "show_contexts": false}, "files": {"autocron\\__init__.py": {"executed_lines": [1, 7, 17, 20, 21, 22, 31], "summary": {"covered_lines": 6, "num_statements": 13, "percent_covered": 46.15384615384615, "percent_covered_display": "46.15", "missing_lines": 7, "excluded_lines": 0}, "missing_lines": [23, 24, 25, 26, 27, 28, 29], "excluded_lines": [], "functions": {"": {"executed_lines": [1, 7, 17, 20, 21, 22, 31], "summary": {"covered_lines": 6, "num_statements": 13, "percent_covered": 46.15384615384615, "percent_covered_display": "46.15", "missing_lines": 7, "excluded_lines": 0}, "missing_lines": [23, 24, 25, 26, 27, 28, 29], "excluded_lines": []}}, "classes": {"": {"executed_lines": [1, 7, 17, 20, 21, 22, 31], "summary": {"covered_lines": 6, "num_statements": 13, "percent_covered": 46.15384615384615, "percent_covered_display": "46.15", "missing_lines": 7, "excluded_lines": 0}, "missing_lines": [23, 24, 25, 26, 27, 28, 29], "excluded_lines": []}}}, "autocron\\dashboard.py": {"executed_lines": [1, 9, 10, 11, 12, 13, 15, 16, 17, 18, 19, 20, 21, 22, 23, 28, 29, 31, 38, 39, 41, 42, 43, 45, 47, 48, 49, 50, 55, 57, 58, 59, 61, 78, 79, 90, 91, 92, 93, 95, 96, 98, 101, 109, 110, 113, 114, 115, 117, 119, 156, 168, 219, 220, 222, 231, 239, 290, 369, 389, 426, 450, 471, 477, 487], "summary": {"covered_lines": 62, "num_statements": 219, "percent_covered": 28.310502283105023, "percent_covered_display": "28.31", "missing_lines": 157, "excluded_lines": 0}, "missing_lines": [24, 25, 51, 52, 53, 128, 129, 131, 132, 134, 135, 137, 138, 141, 143, 162, 163, 164, 165, 166, 177, 178, 179, 181, 184, 185, 191, 192, 193, 199, 200, 206, 207, 208, 209, 213, 214, 216, 228, 229, 233, 234, 241, 243, 245, 246, 247, 249, 256, 257, 258, 259, 260, 261, 263, 265, 266, 267, 268, 270, 273, 274, 277, 279, 288, 296, 298, 300, 301, 302, 305, 312, 313, 315, 316, 317, 318, 319, 320, 322, 323, 324, 325, 327, 328, 331, 338, 339, 340, 341, 342, 344, 345, 346, 347, 348, 349, 350, 352, 354, 355, 358, 360, 367, 375, 377, 378, 380, 381, 382, 383, 384, 385, 386, 387, 391, 393, 400, 401, 402, 403, 404, 405, 407, 408, 410, 411, 412, 413, 415, 424, 435, 436, 438, 439, 440, 441, 442, 443, 444, 445, 447, 448, 456, 457, 459, 461, 462, 464, 465, 467, 473, 474, 483, 484, 493, 494], "excluded_lines": [], "functions": {"TaskAnalytics.__init__": {"executed_lines": [38, 39, 41, 42, 43], "summary": {"covered_lines": 5, "num_statements": 5, "percent_covered": 100.0, "percent_covered_display": "100.00", "missing_lines": 0, "excluded_lines": 0}, "missing_lines": [], "excluded_lines": []}, "TaskAnalytics._load": {"executed_lines": [47, 48, 49, 50], "summary": {"covered_lines": 4, "num_statements": 7, "percent_covered": 57.142857142857146, "percent_covered_display": "57.14", "missing_lines": 3, "excluded_lines": 0}, "missing_lines": [51, 52, 53], "excluded_lines": []}, "TaskAnalytics._save": {"executed_lines": [57, 58, 59], "summary": {"covered_lines": 3, "num_statements": 3, "percent_covered": 100.0, "percent_covered_display": "100.00", "missing_lines": 0, "excluded_lines": 0}, "missing_lines": [], "excluded_lines": []}, "TaskAnalytics.record_execution": {"executed_lines": [78, 79, 90, 91, 92, 93, 95, 96, 98, 101, 109, 110, 113, 114, 115, 117], "summary": {"covered_lines": 16, "num_statements": 16, "percent_covered": 100.0, "percent_covered_display": "100.00", "missing_lines": 0, "excluded_lines": 0}, "missing_lines": [], "excluded_lines": []}, "TaskAnalytics.get_task_stats": {"executed_lines": [], "summary": {"covered_lines": 0, "num_statements": 10, "percent_covered": 0.0, "percent_covered_display": "0.00", "missing_lines": 10, "excluded_lines": 0}, "missing_lines": [128, 129, 131, 132, 134, 135, 137, 138, 141, 143], "excluded_lines": []}, "TaskAnalytics.get_all_stats": {"executed_lines": [], "summary": {"covered_lines": 0, "num_statements": 5, "percent_covered": 0.0, "percent_covered_display": "0.00", "missing_lines": 5, "excluded_lines": 0}, "missing_lines": [162, 163, 164, 165, 166], "excluded_lines": []}, "TaskAnalytics.get_recommendations": {"executed_lines": [], "summary": {"covered_lines": 0, "num_statements": 18, "percent_covered": 0.0, "percent_covered_display": "0.00", "missing_lines": 18, "excluded_lines": 0}, "missing_lines": [177, 178, 179, 181, 184, 185, 191, 192, 193, 199, 200, 206, 207, 208, 209, 213, 214, 216], "excluded_lines": []}, "Dashboard.__init__": {"executed_lines": [], "summary": {"covered_lines": 0, "num_statements": 2, "percent_covered": 0.0, "percent_covered_display": "0.00", "missing_lines": 2, "excluded_lines": 0}, "missing_lines": [228, 229], "excluded_lines": []}, "Dashboard._check_rich": {"executed_lines": [], "summary": {"covered_lines": 0, "num_statements": 2, "percent_covered": 0.0, "percent_covered_display": "0.00", "missing_lines": 2, "excluded_lines": 0}, "missing_lines": [233, 234], "excluded_lines": []}, "Dashboard.show_summary": {"executed_lines": [], "summary": {"covered_lines": 0, "num_statements": 23, "percent_covered": 0.0, "percent_covered_display": "0.00", "missing_lines": 23, "excluded_lines": 0}, "missing_lines": [241, 243, 245, 246, 247, 249, 256, 257, 258, 259, 260, 261, 263, 265, 266, 267, 268, 270, 273, 274, 277, 279, 288], "excluded_lines": []}, "Dashboard.show_task_details": {"executed_lines": [], "summary": {"covered_lines": 0, "num_statements": 39, "percent_covered": 0.0, "percent_covered_display": "0.00", "missing_lines": 39, "excluded_lines": 0}, "missing_lines": [296, 298, 300, 301, 302, 305, 312, 313, 315, 316, 317, 318, 319, 320, 322, 323, 324, 325, 327, 328, 331, 338, 339, 340, 341, 342, 344, 345, 346, 347, 348, 349, 350, 352, 354, 355, 358, 360, 367], "excluded_lines": []}, "Dashboard.show_live_monitor": {"executed_lines": [], "summary": {"covered_lines": 0, "num_statements": 11, "percent_covered": 0.0, "percent_covered_display": "0.00", "missing_lines": 11, "excluded_lines": 0}, "missing_lines": [375, 377, 378, 380, 381, 382, 383, 384, 385, 386, 387], "excluded_lines": []}, "Dashboard._generate_live_view": {"executed_lines": [], "summary": {"covered_lines": 0, "num_statements": 16, "percent_covered": 0.0, "percent_covered_display": "0.00", "missing_lines": 16, "excluded_lines": 0}, "missing_lines": [391, 393, 400, 401, 402, 403, 404, 405, 407, 408, 410, 411, 412, 413, 415, 424], "excluded_lines": []}, "Dashboard._format_time_ago": {"executed_lines": [], "summary": {"covered_lines": 0, "num_statements": 12, "percent_covered": 0.0, "percent_covered_display": "0.00", "missing_lines": 12, "excluded_lines": 0}, "missing_lines": [435, 436, 438, 439, 440, 441, 442, 443, 444, 445, 447, 448], "excluded_lines": []}, "Dashboard.export_stats": {"executed_lines": [], "summary": {"covered_lines": 0, "num_statements": 8, "percent_covered": 0.0, "percent_covered_display": "0.00", "missing_lines": 8, "excluded_lines": 0}, "missing_lines": [456, 457, 459, 461, 462, 464, 465, 467], "excluded_lines": []}, "show_dashboard": {"executed_lines": [], "summary": {"covered_lines": 0, "num_statements": 2, "percent_covered": 0.0, "percent_covered_display": "0.00", "missing_lines": 2, "excluded_lines": 0}, "missing_lines": [473, 474], "excluded_lines": []}, "show_task": {"executed_lines": [], "summary": {"covered_lines": 0, "num_statements": 2, "percent_covered": 0.0, "percent_covered_display": "0.00", "missing_lines": 2, "excluded_lines": 0}, "missing_lines": [483, 484], "excluded_lines": []}, "live_monitor": {"executed_lines": [], "summary": {"covered_lines": 0, "num_statements": 2, "percent_covered": 0.0, "percent_covered_display": "0.00", "missing_lines": 2, "excluded_lines": 0}, "missing_lines": [493, 494], "excluded_lines": []}, "": {"executed_lines": [1, 9, 10, 11, 12, 13, 15, 16, 17, 18, 19, 20, 21, 22, 23, 28, 29, 31, 45, 55, 61, 119, 156, 168, 219, 220, 222, 231, 239, 290, 369, 389, 426, 450, 471, 477, 487], "summary": {"covered_lines": 34, "num_statements": 36, "percent_covered": 94.44444444444444, "percent_covered_display": "94.44", "missing_lines": 2, "excluded_lines": 0}, "missing_lines": [24, 25], "excluded_lines": []}}, "classes": {"TaskAnalytics": {"executed_lines": [38, 39, 41, 42, 43, 47, 48, 49, 50, 57, 58, 59, 78, 79, 90, 91, 92, 93, 95, 96, 98, 101, 109, 110, 113, 114, 115, 117], "summary": {"covered_lines": 28, "num_statements": 64, "percent_covered": 43.75, "percent_covered_display": "43.75", "missing_lines": 36, "excluded_lines": 0}, "missing_lines": [51, 52, 53, 128, 129, 131, 132, 134, 135, 137, 138, 141, 143, 162, 163, 164, 165, 166, 177, 178, 179, 181, 184, 185, 191, 192, 193, 199, 200, 206, 207, 208, 209, 213, 214, 216], "excluded_lines": []}, "Dashboard": {"executed_lines": [], "summary": {"covered_lines": 0, "num_statements": 113, "percent_covered": 0.0, "percent_covered_display": "0.00", "missing_lines": 113, "excluded_lines": 0}, "missing_lines": [228, 229, 233, 234, 241, 243, 245, 246, 247, 249, 256, 257, 258, 259, 260, 261, 263, 265, 266, 267, 268, 270, 273, 274, 277, 279, 288, 296, 298, 300, 301, 302, 305, 312, 313, 315, 316, 317, 318, 319, 320, 322, 323, 324, 325, 327, 328, 331, 338, 339, 340, 341, 342, 344, 345, 346, 347, 348, 349, 350, 352, 354, 355, 358, 360, 367, 375, 377, 378, 380, 381, 382, 383, 384, 385, 386, 387, 391, 393, 400, 401, 402, 403, 404, 405, 407, 408, 410, 411, 412, 413, 415, 424, 435, 436, 438, 439, 440, 441, 442, 443, 444, 445, 447, 448, 456, 457, 459, 461, 462, 464, 465, 467], "excluded_lines": []}, "": {"executed_lines": [1, 9, 10, 11, 12, 13, 15, 16, 17, 18, 19, 20, 21, 22, 23, 28, 29, 31, 45, 55, 61, 119, 156, 168, 219, 220, 222, 231, 239, 290, 369, 389, 426, 450, 471, 477, 487], "summary": {"covered_lines": 34, "num_statements": 42, "percent_covered": 80.95238095238095, "percent_covered_display": "80.95", "missing_lines": 8, "excluded_lines": 0}, "missing_lines": [24, 25, 473, 474, 483, 484, 493, 494], "excluded_lines": []}}}, "autocron\\logger.py": {"executed_lines": [1, 8, 9, 10, 11, 13, 16, 17, 28, 48, 49, 52, 53, 55, 57, 60, 61, 63, 66, 67, 70, 73, 78, 83, 86, 87, 88, 91, 92, 93, 94, 95, 97, 101, 103, 105, 107, 109, 111, 113, 117, 121, 123, 125, 127, 132, 136, 141, 143, 148, 150, 152, 154, 156, 158, 160, 162, 164, 168, 178, 179, 180, 181, 186, 197, 200, 217, 218, 222, 225, 228], "summary": {"covered_lines": 69, "num_statements": 82, "percent_covered": 84.14634146341463, "percent_covered_display": "84.15", "missing_lines": 13, "excluded_lines": 0}, "missing_lines": [99, 115, 119, 166, 182, 183, 184, 188, 189, 190, 191, 192, 193], "excluded_lines": [], "functions": {"AutoCronLogger.__init__": {"executed_lines": [48, 49, 52, 53, 55, 57, 60, 61, 63, 66, 67, 70, 73, 78, 83, 86, 87, 88, 91, 92, 93, 94, 95], "summary": {"covered_lines": 23, "num_statements": 23, "percent_covered": 100.0, "percent_covered_display": "100.00", "missing_lines": 0, "excluded_lines": 0}, "missing_lines": [], "excluded_lines": []}, "AutoCronLogger.debug": {"executed_lines": [], "summary": {"covered_lines": 0, "num_statements": 1, "percent_covered": 0.0, "percent_covered_display": "0.00", "missing_lines": 1, "excluded_lines": 0}, "missing_lines": [99], "excluded_lines": []}, "AutoCronLogger.info": {"executed_lines": [103], "summary": {"covered_lines": 1, "num_statements": 1, "percent_covered": 100.0, "percent_covered_display": "100.00", "missing_lines": 0, "excluded_lines": 0}, "missing_lines": [], "excluded_lines": []}, "AutoCronLogger.warning": {"executed_lines": [107], "summary": {"covered_lines": 1, "num_statements": 1, "percent_covered": 100.0, "percent_covered_display": "100.00", "missing_lines": 0, "excluded_lines": 0}, "missing_lines": [], "excluded_lines": []}, "AutoCronLogger.error": {"executed_lines": [111], "summary": {"covered_lines": 1, "num_statements": 1, "percent_covered": 100.0, "percent_covered_display": "100.00", "missing_lines": 0, "excluded_lines": 0}, "missing_lines": [], "excluded_lines": []}, "AutoCronLogger.critical": {"executed_lines": [], "summary": {"covered_lines": 0, "num_statements": 1, "percent_covered": 0.0, "percent_covered_display": "0.00", "missing_lines": 1, "excluded_lines": 0}, "missing_lines": [115], "excluded_lines": []}, "AutoCronLogger.exception": {"executed_lines": [], "summary": {"covered_lines": 0, "num_statements": 1, "percent_covered": 0.0, "percent_covered_display": "0.00", "missing_lines": 1, "excluded_lines": 0}, "missing_lines": [119], "excluded_lines": []}, "AutoCronLogger.log_task_start": {"executed_lines": [123], "summary": {"covered_lines": 1, "num_statements": 1, "percent_covered": 100.0, "percent_covered_display": "100.00", "missing_lines": 0, "excluded_lines": 0}, "missing_lines": [], "excluded_lines": []}, "AutoCronLogger.log_task_success": {"executed_lines": [127], "summary": {"covered_lines": 1, "num_statements": 1, "percent_covered": 100.0, "percent_covered_display": "100.00", "missing_lines": 0, "excluded_lines": 0}, "missing_lines": [], "excluded_lines": []}, "AutoCronLogger.log_task_failure": {"executed_lines": [136], "summary": {"covered_lines": 1, "num_statements": 1, "percent_covered": 100.0, "percent_covered_display": "100.00", "missing_lines": 0, "excluded_lines": 0}, "missing_lines": [], "excluded_lines": []}, "AutoCronLogger.log_task_retry": {"executed_lines": [143], "summary": {"covered_lines": 1, "num_statements": 1, "percent_covered": 100.0, "percent_covered_display": "100.00", "missing_lines": 0, "excluded_lines": 0}, "missing_lines": [], "excluded_lines": []}, "AutoCronLogger.log_scheduler_start": {"executed_lines": [150], "summary": {"covered_lines": 1, "num_statements": 1, "percent_covered": 100.0, "percent_covered_display": "100.00", "missing_lines": 0, "excluded_lines": 0}, "missing_lines": [], "excluded_lines": []}, "AutoCronLogger.log_scheduler_stop": {"executed_lines": [154], "summary": {"covered_lines": 1, "num_statements": 1, "percent_covered": 100.0, "percent_covered_display": "100.00", "missing_lines": 0, "excluded_lines": 0}, "missing_lines": [], "excluded_lines": []}, "AutoCronLogger.log_task_scheduled": {"executed_lines": [158], "summary": {"covered_lines": 1, "num_statements": 1, "percent_covered": 100.0, "percent_covered_display": "100.00", "missing_lines": 0, "excluded_lines": 0}, "missing_lines": [], "excluded_lines": []}, "AutoCronLogger.log_task_removed": {"executed_lines": [162], "summary": {"covered_lines": 1, "num_statements": 1, "percent_covered": 100.0, "percent_covered_display": "100.00", "missing_lines": 0, "excluded_lines": 0}, "missing_lines": [], "excluded_lines": []}, "AutoCronLogger.get_log_file_path": {"executed_lines": [], "summary": {"covered_lines": 0, "num_statements": 1, "percent_covered": 0.0, "percent_covered_display": "0.00", "missing_lines": 1, "excluded_lines": 0}, "missing_lines": [166], "excluded_lines": []}, "AutoCronLogger.get_recent_logs": {"executed_lines": [178, 179, 180, 181], "summary": {"covered_lines": 4, "num_statements": 7, "percent_covered": 57.142857142857146, "percent_covered_display": "57.14", "missing_lines": 3, "excluded_lines": 0}, "missing_lines": [182, 183, 184], "excluded_lines": []}, "AutoCronLogger.clear_logs": {"executed_lines": [], "summary": {"covered_lines": 0, "num_statements": 6, "percent_covered": 0.0, "percent_covered_display": "0.00", "missing_lines": 6, "excluded_lines": 0}, "missing_lines": [188, 189, 190, 191, 192, 193], "excluded_lines": []}, "get_logger": {"executed_lines": [217, 218, 222], "summary": {"covered_lines": 3, "num_statements": 3, "percent_covered": 100.0, "percent_covered_display": "100.00", "missing_lines": 0, "excluded_lines": 0}, "missing_lines": [], "excluded_lines": []}, "reset_logger": {"executed_lines": [228], "summary": {"covered_lines": 1, "num_statements": 1, "percent_covered": 100.0, "percent_covered_display": "100.00", "missing_lines": 0, "excluded_lines": 0}, "missing_lines": [], "excluded_lines": []}, "": {"executed_lines": [1, 8, 9, 10, 11, 13, 16, 17, 28, 97, 101, 105, 109, 113, 117, 121, 125, 132, 141, 148, 152, 156, 160, 164, 168, 186, 197, 200, 225], "summary": {"covered_lines": 27, "num_statements": 27, "percent_covered": 100.0, "percent_covered_display": "100.00", "missing_lines": 0, "excluded_lines": 0}, "missing_lines": [], "excluded_lines": []}}, "classes": {"AutoCronLogger": {"executed_lines": [48, 49, 52, 53, 55, 57, 60, 61, 63, 66, 67, 70, 73, 78, 83, 86, 87, 88, 91, 92, 93, 94, 95, 103, 107, 111, 123, 127, 136, 143, 150, 154, 158, 162, 178, 179, 180, 181], "summary": {"covered_lines": 38, "num_statements": 51, "percent_covered": 74.50980392156863, "percent_covered_display": "74.51", "missing_lines": 13, "excluded_lines": 0}, "missing_lines": [99, 115, 119, 166, 182, 183, 184, 188, 189, 190, 191, 192, 193], "excluded_lines": []}, "": {"executed_lines": [1, 8, 9, 10, 11, 13, 16, 17, 28, 97, 101, 105, 109, 113, 117, 121, 125, 132, 141, 148, 152, 156, 160, 164, 168, 186, 197, 200, 217, 218, 222, 225, 228], "summary": {"covered_lines": 31, "num_statements": 31, "percent_covered": 100.0, "percent_covered_display": "100.00", "missing_lines": 0, "excluded_lines": 0}, "missing_lines": [], "excluded_lines": []}}}, "autocron\\notifications.py": {"executed_lines": [1, 7, 8, 9, 10, 11, 12, 14, 17, 18, 20, 23, 24, 26, 27, 42, 43, 49, 51, 52, 58, 84, 85, 91, 104, 105, 106, 110, 111, 112, 113, 114, 115, 117, 161, 162, 168, 170, 172, 180, 182, 184, 185, 186, 188, 195, 196, 198, 213, 216, 217, 218, 219, 220, 221, 225, 227, 229, 243, 244, 246, 248, 269, 270, 274, 276, 296, 299, 308, 309, 311, 314, 317], "summary": {"covered_lines": 62, "num_statements": 93, "percent_covered": 66.66666666666667, "percent_covered_display": "66.67", "missing_lines": 31, "excluded_lines": 19}, "missing_lines": [53, 70, 71, 73, 79, 80, 81, 129, 131, 132, 133, 134, 139, 140, 143, 144, 145, 148, 149, 150, 153, 154, 156, 157, 158, 214, 222, 223, 289, 290, 292], "excluded_lines": [20, 26, 27, 28, 29, 30, 31, 32, 33, 34, 35, 36, 37, 38, 39, 92, 104, 114, 151], "functions": {"Notifier.send": {"executed_lines": [], "summary": {"covered_lines": 0, "num_statements": 0, "percent_covered": 100.0, "percent_covered_display": "100.00", "missing_lines": 0, "excluded_lines": 12}, "missing_lines": [], "excluded_lines": [28, 29, 30, 31, 32, 33, 34, 35, 36, 37, 38, 39]}, "DesktopNotifier.__init__": {"executed_lines": [51, 52], "summary": {"covered_lines": 2, "num_statements": 3, "percent_covered": 66.66666666666667, "percent_covered_display": "66.67", "missing_lines": 1, "excluded_lines": 0}, "missing_lines": [53], "excluded_lines": []}, "DesktopNotifier.send": {"executed_lines": [], "summary": {"covered_lines": 0, "num_statements": 6, "percent_covered": 0.0, "percent_covered_display": "0.00", "missing_lines": 6, "excluded_lines": 0}, "missing_lines": [70, 71, 73, 79, 80, 81], "excluded_lines": []}, "EmailNotifier.__init__": {"executed_lines": [104, 105, 106, 110, 111, 112, 113, 114, 115], "summary": {"covered_lines": 7, "num_statements": 7, "percent_covered": 100.0, "percent_covered_display": "100.00", "missing_lines": 0, "excluded_lines": 3}, "missing_lines": [], "excluded_lines": [92, 104, 114]}, "EmailNotifier.send": {"executed_lines": [], "summary": {"covered_lines": 0, "num_statements": 18, "percent_covered": 0.0, "percent_covered_display": "0.00", "missing_lines": 18, "excluded_lines": 1}, "missing_lines": [129, 131, 132, 133, 134, 139, 140, 143, 144, 145, 148, 149, 150, 153, 154, 156, 157, 158], "excluded_lines": [151]}, "NotificationManager.__init__": {"executed_lines": [170], "summary": {"covered_lines": 1, "num_statements": 1, "percent_covered": 100.0, "percent_covered_display": "100.00", "missing_lines": 0, "excluded_lines": 0}, "missing_lines": [], "excluded_lines": []}, "NotificationManager.add_notifier": {"executed_lines": [180], "summary": {"covered_lines": 1, "num_statements": 1, "percent_covered": 100.0, "percent_covered_display": "100.00", "missing_lines": 0, "excluded_lines": 0}, "missing_lines": [], "excluded_lines": []}, "NotificationManager.setup_desktop": {"executed_lines": [184, 185, 186], "summary": {"covered_lines": 3, "num_statements": 3, "percent_covered": 100.0, "percent_covered_display": "100.00", "missing_lines": 0, "excluded_lines": 0}, "missing_lines": [], "excluded_lines": []}, "NotificationManager.setup_email": {"executed_lines": [195, 196], "summary": {"covered_lines": 2, "num_statements": 2, "percent_covered": 100.0, "percent_covered_display": "100.00", "missing_lines": 0, "excluded_lines": 0}, "missing_lines": [], "excluded_lines": []}, "NotificationManager.notify": {"executed_lines": [213, 216, 217, 218, 219, 220, 221, 225, 227], "summary": {"covered_lines": 9, "num_statements": 12, "percent_covered": 75.0, "percent_covered_display": "75.00", "missing_lines": 3, "excluded_lines": 0}, "missing_lines": [214, 222, 223], "excluded_lines": []}, "NotificationManager.notify_task_success": {"executed_lines": [243, 244, 246], "summary": {"covered_lines": 3, "num_statements": 3, "percent_covered": 100.0, "percent_covered_display": "100.00", "missing_lines": 0, "excluded_lines": 0}, "missing_lines": [], "excluded_lines": []}, "NotificationManager.notify_task_failure": {"executed_lines": [269, 270, 274], "summary": {"covered_lines": 3, "num_statements": 3, "percent_covered": 100.0, "percent_covered_display": "100.00", "missing_lines": 0, "excluded_lines": 0}, "missing_lines": [], "excluded_lines": []}, "NotificationManager.notify_scheduler_error": {"executed_lines": [], "summary": {"covered_lines": 0, "num_statements": 3, "percent_covered": 0.0, "percent_covered_display": "0.00", "missing_lines": 3, "excluded_lines": 0}, "missing_lines": [289, 290, 292], "excluded_lines": []}, "get_notification_manager": {"executed_lines": [308, 309, 311], "summary": {"covered_lines": 3, "num_statements": 3, "percent_covered": 100.0, "percent_covered_display": "100.00", "missing_lines": 0, "excluded_lines": 0}, "missing_lines": [], "excluded_lines": []}, "reset_notification_manager": {"executed_lines": [317], "summary": {"covered_lines": 1, "num_statements": 1, "percent_covered": 100.0, "percent_covered_display": "100.00", "missing_lines": 0, "excluded_lines": 0}, "missing_lines": [], "excluded_lines": []}, "": {"executed_lines": [1, 7, 8, 9, 10, 11, 12, 14, 17, 18, 20, 23, 24, 26, 27, 42, 43, 49, 58, 84, 85, 91, 117, 161, 162, 168, 172, 182, 188, 198, 229, 248, 276, 296, 299, 314], "summary": {"covered_lines": 27, "num_statements": 27, "percent_covered": 100.0, "percent_covered_display": "100.00", "missing_lines": 0, "excluded_lines": 3}, "missing_lines": [], "excluded_lines": [20, 26, 27]}}, "classes": {"NotificationError": {"executed_lines": [], "summary": {"covered_lines": 0, "num_statements": 0, "percent_covered": 100.0, "percent_covered_display": "100.00", "missing_lines": 0, "excluded_lines": 0}, "missing_lines": [], "excluded_lines": []}, "Notifier": {"executed_lines": [], "summary": {"covered_lines": 0, "num_statements": 0, "percent_covered": 100.0, "percent_covered_display": "100.00", "missing_lines": 0, "excluded_lines": 12}, "missing_lines": [], "excluded_lines": [28, 29, 30, 31, 32, 33, 34, 35, 36, 37, 38, 39]}, "DesktopNotifier": {"executed_lines": [51, 52], "summary": {"covered_lines": 2, "num_statements": 9, "percent_covered": 22.22222222222222, "percent_covered_display": "22.22", "missing_lines": 7, "excluded_lines": 0}, "missing_lines": [53, 70, 71, 73, 79, 80, 81], "excluded_lines": []}, "EmailNotifier": {"executed_lines": [104, 105, 106, 110, 111, 112, 113, 114, 115], "summary": {"covered_lines": 7, "num_statements": 25, "percent_covered": 28.0, "percent_covered_display": "28.00", "missing_lines": 18, "excluded_lines": 4}, "missing_lines": [129, 131, 132, 133, 134, 139, 140, 143, 144, 145, 148, 149, 150, 153, 154, 156, 157, 158], "excluded_lines": [92, 104, 114, 151]}, "NotificationManager": {"executed_lines": [170, 180, 184, 185, 186, 195, 196, 213, 216, 217, 218, 219, 220, 221, 225, 227, 243, 244, 246, 269, 270, 274], "summary": {"covered_lines": 22, "num_statements": 28, "percent_covered": 78.57142857142857, "percent_covered_display": "78.57", "missing_lines": 6, "excluded_lines": 0}, "missing_lines": [214, 222, 223, 289, 290, 292], "excluded_lines": []}, "": {"executed_lines": [1, 7, 8, 9, 10, 11, 12, 14, 17, 18, 20, 23, 24, 26, 27, 42, 43, 49, 58, 84, 85, 91, 117, 161, 162, 168, 172, 182, 188, 198, 229, 248, 276, 296, 299, 308, 309, 311, 314, 317], "summary": {"covered_lines": 31, "num_statements": 31, "percent_covered": 100.0, "percent_covered_display": "100.00", "missing_lines": 0, "excluded_lines": 3}, "missing_lines": [], "excluded_lines": [20, 26, 27]}}}, "autocron\\os_adapters.py": {"executed_lines": [1, 7, 8, 9, 10, 11, 12, 14, 17, 18, 20, 23, 24, 26, 27, 48, 49, 61, 62, 71, 72, 85, 86, 92, 94, 96, 99, 159, 172, 174, 175, 176, 180, 183, 184, 185, 195, 199, 204, 257, 258, 264, 266, 271, 314, 343, 366, 372, 382, 383], "summary": {"covered_lines": 36, "num_statements": 123, "percent_covered": 29.26829268292683, "percent_covered_display": "29.27", "missing_lines": 87, "excluded_lines": 55}, "missing_lines": [97, 107, 108, 109, 111, 113, 120, 128, 129, 130, 132, 134, 145, 147, 148, 150, 153, 154, 156, 157, 161, 162, 164, 166, 168, 169, 170, 181, 187, 188, 189, 190, 192, 193, 196, 197, 201, 202, 208, 268, 269, 279, 280, 281, 283, 286, 289, 295, 298, 299, 301, 304, 310, 311, 312, 316, 318, 322, 323, 325, 326, 329, 330, 333, 339, 340, 341, 345, 346, 350, 351, 353, 354, 355, 357, 358, 359, 360, 362, 363, 364, 368, 369, 384, 385, 387, 388], "excluded_lines": [20, 26, 27, 28, 29, 30, 31, 32, 33, 34, 35, 36, 37, 38, 39, 40, 41, 42, 43, 44, 45, 46, 48, 49, 50, 51, 52, 53, 54, 55, 56, 57, 58, 59, 61, 62, 63, 64, 65, 66, 67, 68, 69, 71, 72, 73, 74, 75, 76, 77, 78, 79, 80, 81, 82], "functions": {"OSAdapter.create_scheduled_task": {"executed_lines": [], "summary": {"covered_lines": 0, "num_statements": 0, "percent_covered": 100.0, "percent_covered_display": "100.00", "missing_lines": 0, "excluded_lines": 13}, "missing_lines": [], "excluded_lines": [34, 35, 36, 37, 38, 39, 40, 41, 42, 43, 44, 45, 46]}, "OSAdapter.remove_scheduled_task": {"executed_lines": [], "summary": {"covered_lines": 0, "num_statements": 0, "percent_covered": 100.0, "percent_covered_display": "100.00", "missing_lines": 0, "excluded_lines": 10}, "missing_lines": [], "excluded_lines": [50, 51, 52, 53, 54, 55, 56, 57, 58, 59]}, "OSAdapter.list_scheduled_tasks": {"executed_lines": [], "summary": {"covered_lines": 0, "num_statements": 0, "percent_covered": 100.0, "percent_covered_display": "100.00", "missing_lines": 0, "excluded_lines": 7}, "missing_lines": [], "excluded_lines": [63, 64, 65, 66, 67, 68, 69]}, "OSAdapter.task_exists": {"executed_lines": [], "summary": {"covered_lines": 0, "num_statements": 0, "percent_covered": 100.0, "percent_covered_display": "100.00", "missing_lines": 0, "excluded_lines": 10}, "missing_lines": [], "excluded_lines": [73, 74, 75, 76, 77, 78, 79, 80, 81, 82]}, "WindowsAdapter.__init__": {"executed_lines": [96], "summary": {"covered_lines": 1, "num_statements": 2, "percent_covered": 50.0, "percent_covered_display": "50.00", "missing_lines": 1, "excluded_lines": 0}, "missing_lines": [97], "excluded_lines": []}, "WindowsAdapter.create_scheduled_task": {"executed_lines": [], "summary": {"covered_lines": 0, "num_statements": 19, "percent_covered": 0.0, "percent_covered_display": "0.00", "missing_lines": 19, "excluded_lines": 0}, "missing_lines": [107, 108, 109, 111, 113, 120, 128, 129, 130, 132, 134, 145, 147, 148, 150, 153, 154, 156, 157], "excluded_lines": []}, "WindowsAdapter.remove_scheduled_task": {"executed_lines": [], "summary": {"covered_lines": 0, "num_statements": 7, "percent_covered": 0.0, "percent_covered_display": "0.00", "missing_lines": 7, "excluded_lines": 0}, "missing_lines": [161, 162, 164, 166, 168, 169, 170], "excluded_lines": []}, "WindowsAdapter.list_scheduled_tasks": {"executed_lines": [174, 175, 176, 180, 183, 184, 185, 195], "summary": {"covered_lines": 8, "num_statements": 17, "percent_covered": 47.05882352941177, "percent_covered_display": "47.06", "missing_lines": 9, "excluded_lines": 0}, "missing_lines": [181, 187, 188, 189, 190, 192, 193, 196, 197], "excluded_lines": []}, "WindowsAdapter.task_exists": {"executed_lines": [], "summary": {"covered_lines": 0, "num_statements": 2, "percent_covered": 0.0, "percent_covered_display": "0.00", "missing_lines": 2, "excluded_lines": 0}, "missing_lines": [201, 202], "excluded_lines": []}, "WindowsAdapter._generate_task_xml": {"executed_lines": [], "summary": {"covered_lines": 0, "num_statements": 1, "percent_covered": 0.0, "percent_covered_display": "0.00", "missing_lines": 1, "excluded_lines": 0}, "missing_lines": [208], "excluded_lines": []}, "UnixAdapter.__init__": {"executed_lines": [], "summary": {"covered_lines": 0, "num_statements": 2, "percent_covered": 0.0, "percent_covered_display": "0.00", "missing_lines": 2, "excluded_lines": 0}, "missing_lines": [268, 269], "excluded_lines": []}, "UnixAdapter.create_scheduled_task": {"executed_lines": [], "summary": {"covered_lines": 0, "num_statements": 14, "percent_covered": 0.0, "percent_covered_display": "0.00", "missing_lines": 14, "excluded_lines": 0}, "missing_lines": [279, 280, 281, 283, 286, 289, 295, 298, 299, 301, 304, 310, 311, 312], "excluded_lines": []}, "UnixAdapter.remove_scheduled_task": {"executed_lines": [], "summary": {"covered_lines": 0, "num_statements": 12, "percent_covered": 0.0, "percent_covered_display": "0.00", "missing_lines": 12, "excluded_lines": 0}, "missing_lines": [316, 318, 322, 323, 325, 326, 329, 330, 333, 339, 340, 341], "excluded_lines": []}, "UnixAdapter.list_scheduled_tasks": {"executed_lines": [], "summary": {"covered_lines": 0, "num_statements": 14, "percent_covered": 0.0, "percent_covered_display": "0.00", "missing_lines": 14, "excluded_lines": 0}, "missing_lines": [345, 346, 350, 351, 353, 354, 355, 357, 358, 359, 360, 362, 363, 364], "excluded_lines": []}, "UnixAdapter.task_exists": {"executed_lines": [], "summary": {"covered_lines": 0, "num_statements": 2, "percent_covered": 0.0, "percent_covered_display": "0.00", "missing_lines": 2, "excluded_lines": 0}, "missing_lines": [368, 369], "excluded_lines": []}, "get_os_adapter": {"executed_lines": [382, 383], "summary": {"covered_lines": 2, "num_statements": 6, "percent_covered": 33.333333333333336, "percent_covered_display": "33.33", "missing_lines": 4, "excluded_lines": 0}, "missing_lines": [384, 385, 387, 388], "excluded_lines": []}, "": {"executed_lines": [1, 7, 8, 9, 10, 11, 12, 14, 17, 18, 20, 23, 24, 26, 27, 48, 49, 61, 62, 71, 72, 85, 86, 92, 94, 99, 159, 172, 199, 204, 257, 258, 264, 266, 271, 314, 343, 366, 372], "summary": {"covered_lines": 25, "num_statements": 25, "percent_covered": 100.0, "percent_covered_display": "100.00", "missing_lines": 0, "excluded_lines": 15}, "missing_lines": [], "excluded_lines": [20, 26, 27, 28, 29, 30, 31, 32, 33, 48, 49, 61, 62, 71, 72]}}, "classes": {"OSAdapterError": {"executed_lines": [], "summary": {"covered_lines": 0, "num_statements": 0, "percent_covered": 100.0, "percent_covered_display": "100.00", "missing_lines": 0, "excluded_lines": 0}, "missing_lines": [], "excluded_lines": []}, "OSAdapter": {"executed_lines": [], "summary": {"covered_lines": 0, "num_statements": 0, "percent_covered": 100.0, "percent_covered_display": "100.00", "missing_lines": 0, "excluded_lines": 40}, "missing_lines": [], "excluded_lines": [34, 35, 36, 37, 38, 39, 40, 41, 42, 43, 44, 45, 46, 50, 51, 52, 53, 54, 55, 56, 57, 58, 59, 63, 64, 65, 66, 67, 68, 69, 73, 74, 75, 76, 77, 78, 79, 80, 81, 82]}, "WindowsAdapter": {"executed_lines": [96, 174, 175, 176, 180, 183, 184, 185, 195], "summary": {"covered_lines": 9, "num_statements": 48, "percent_covered": 18.75, "percent_covered_display": "18.75", "missing_lines": 39, "excluded_lines": 0}, "missing_lines": [97, 107, 108, 109, 111, 113, 120, 128, 129, 130, 132, 134, 145, 147, 148, 150, 153, 154, 156, 157, 161, 162, 164, 166, 168, 169, 170, 181, 187, 188, 189, 190, 192, 193, 196, 197, 201, 202, 208], "excluded_lines": []}, "UnixAdapter": {"executed_lines": [], "summary": {"covered_lines": 0, "num_statements": 44, "percent_covered": 0.0, "percent_covered_display": "0.00", "missing_lines": 44, "excluded_lines": 0}, "missing_lines": [268, 269, 279, 280, 281, 283, 286, 289, 295, 298, 299, 301, 304, 310, 311, 312, 316, 318, 322, 323, 325, 326, 329, 330, 333, 339, 340, 341, 345, 346, 350, 351, 353, 354, 355, 357, 358, 359, 360, 362, 363, 364, 368, 369], "excluded_lines": []}, "": {"executed_lines": [1, 7, 8, 9, 10, 11, 12, 14, 17, 18, 20, 23, 24, 26, 27, 48, 49, 61, 62, 71, 72, 85, 86, 92, 94, 99, 159, 172, 199, 204, 257, 258, 264, 266, 271, 314, 343, 366, 372, 382, 383], "summary": {"covered_lines": 27, "num_statements": 31, "percent_covered": 87.09677419354838, "percent_covered_display": "87.10", "missing_lines": 4, "excluded_lines": 15}, "missing_lines": [384, 385, 387, 388], "excluded_lines": [20, 26, 27, 28, 29, 30, 31, 32, 33, 48, 49, 61, 62, 71, 72]}}}, "autocron\\scheduler.py": {"executed_lines": [1, 7, 8, 9, 10, 11, 12, 13, 14, 15, 16, 17, 18, 19, 20, 22, 23, 24, 25, 33, 34, 35, 41, 42, 44, 47, 48, 50, 53, 54, 78, 116, 117, 119, 122, 123, 125, 128, 129, 130, 131, 132, 133, 134, 135, 136, 137, 138, 139, 142, 143, 144, 147, 148, 149, 150, 152, 153, 154, 155, 158, 159, 160, 161, 162, 164, 166, 167, 172, 173, 175, 177, 178, 180, 182, 184, 185, 186, 188, 190, 191, 193, 195, 196, 198, 200, 201, 203, 210, 231, 232, 245, 252, 268, 269, 270, 271, 273, 274, 275, 276, 278, 281, 282, 288, 304, 305, 306, 307, 308, 309, 310, 311, 312, 315, 316, 317, 318, 323, 324, 331, 375, 376, 394, 395, 398, 402, 403, 406, 409, 414, 425, 426, 427, 428, 429, 430, 433, 439, 440, 441, 442, 443, 444, 447, 453, 457, 468, 469, 470, 471, 472, 473, 474, 476, 483, 485, 507, 509, 510, 511, 512, 514, 517, 518, 520, 521, 522, 524, 526, 527, 534, 535, 536, 537, 542, 543, 544, 550, 555, 556, 558, 559, 561, 582, 584, 588, 590, 591, 594, 595, 596, 597, 598, 599, 600, 602, 608, 609, 612, 613, 614, 615, 618, 619, 621, 622, 623, 626, 627, 628, 631, 632, 635, 636, 642, 646, 648, 649, 653, 660, 661, 662, 664, 665, 667, 668, 670, 671, 673, 675, 676, 678, 679, 682, 683, 686, 687, 690, 692, 693, 695, 697, 698, 700, 701, 704, 710, 713, 716, 720, 721, 722, 724, 727, 728, 729, 730, 732, 733, 734, 735, 738, 739, 742, 743, 750, 752, 753, 754, 755, 758, 759, 761, 764, 768, 769, 770, 775, 776, 777, 783, 785, 786, 787, 788, 790, 795, 796, 799, 803, 804, 805, 810, 811, 812, 819, 822, 823, 824, 826, 829, 830, 833, 834, 837, 838, 840, 841, 842, 846, 847, 848, 850, 851, 853, 856, 858, 860, 862, 863, 871, 873, 874, 876, 877, 878, 882, 884, 886, 893, 901, 930, 931, 937, 938, 941, 982, 993, 994, 995, 997, 998, 1000, 1001, 1002, 1019, 1035, 1040, 1047, 1068, 1083, 1084, 1094, 1096, 1097, 1100, 1101, 1106, 1107, 1123, 1127, 1130, 1164, 1167, 1168, 1170, 1184, 1185, 1186, 1188, 1190, 1193, 1195, 1198, 1206, 1209, 1212, 1216, 1217, 1218, 1219], "summary": {"covered_lines": 372, "num_statements": 477, "percent_covered": 77.9874213836478, "percent_covered_display": "77.99", "missing_lines": 105, "excluded_lines": 6}, "missing_lines": [36, 37, 38, 120, 126, 246, 319, 320, 325, 326, 327, 328, 329, 399, 407, 411, 412, 434, 435, 436, 437, 448, 449, 450, 451, 455, 585, 586, 638, 639, 640, 650, 651, 688, 706, 707, 708, 717, 718, 765, 771, 772, 800, 806, 807, 843, 844, 854, 865, 866, 870, 894, 895, 896, 897, 942, 943, 945, 948, 949, 950, 956, 957, 962, 971, 973, 1005, 1006, 1007, 1010, 1011, 1012, 1015, 1016, 1017, 1021, 1023, 1024, 1025, 1026, 1027, 1028, 1030, 1037, 1038, 1042, 1043, 1049, 1050, 1052, 1053, 1059, 1065, 1066, 1070, 1072, 1073, 1074, 1075, 1076, 1077, 1078, 1079, 1081, 1207], "excluded_lines": [44, 50, 198, 199, 200, 201], "functions": {"Task.__init__": {"executed_lines": [116, 117, 119, 122, 123, 125, 128, 129, 130, 131, 132, 133, 134, 135, 136, 137, 138, 139, 142, 143, 144, 147, 148, 149, 150, 152, 153, 154, 155, 158, 159, 160, 161, 162], "summary": {"covered_lines": 34, "num_statements": 36, "percent_covered": 94.44444444444444, "percent_covered_display": "94.44", "missing_lines": 2, "excluded_lines": 0}, "missing_lines": [120, 126], "excluded_lines": []}, "Task._calculate_next_run": {"executed_lines": [166, 167, 172, 173], "summary": {"covered_lines": 4, "num_statements": 4, "percent_covered": 100.0, "percent_covered_display": "100.00", "missing_lines": 0, "excluded_lines": 0}, "missing_lines": [], "excluded_lines": []}, "Task.should_run": {"executed_lines": [177, 178, 180], "summary": {"covered_lines": 3, "num_statements": 3, "percent_covered": 100.0, "percent_covered_display": "100.00", "missing_lines": 0, "excluded_lines": 0}, "missing_lines": [], "excluded_lines": []}, "Task.update_next_run": {"executed_lines": [184, 185, 186], "summary": {"covered_lines": 3, "num_statements": 3, "percent_covered": 100.0, "percent_covered_display": "100.00", "missing_lines": 0, "excluded_lines": 0}, "missing_lines": [], "excluded_lines": []}, "Task.increment_run_count": {"executed_lines": [190, 191], "summary": {"covered_lines": 2, "num_statements": 2, "percent_covered": 100.0, "percent_covered_display": "100.00", "missing_lines": 0, "excluded_lines": 0}, "missing_lines": [], "excluded_lines": []}, "Task.increment_fail_count": {"executed_lines": [195, 196], "summary": {"covered_lines": 2, "num_statements": 2, "percent_covered": 100.0, "percent_covered_display": "100.00", "missing_lines": 0, "excluded_lines": 0}, "missing_lines": [], "excluded_lines": []}, "Task.__repr__": {"executed_lines": [200, 201], "summary": {"covered_lines": 0, "num_statements": 0, "percent_covered": 100.0, "percent_covered_display": "100.00", "missing_lines": 0, "excluded_lines": 3}, "missing_lines": [], "excluded_lines": [199, 200, 201]}, "Task.to_dict": {"executed_lines": [210], "summary": {"covered_lines": 1, "num_statements": 1, "percent_covered": 100.0, "percent_covered_display": "100.00", "missing_lines": 0, "excluded_lines": 0}, "missing_lines": [], "excluded_lines": []}, "Task.from_dict": {"executed_lines": [245, 252, 268, 269, 270, 271, 273, 274, 275, 276, 278], "summary": {"covered_lines": 11, "num_statements": 12, "percent_covered": 91.66666666666667, "percent_covered_display": "91.67", "missing_lines": 1, "excluded_lines": 0}, "missing_lines": [246], "excluded_lines": []}, "AutoCron.__init__": {"executed_lines": [304, 305, 306, 307, 308, 309, 310, 311, 312, 315, 316, 317, 318, 323, 324], "summary": {"covered_lines": 15, "num_statements": 22, "percent_covered": 68.18181818181819, "percent_covered_display": "68.18", "missing_lines": 7, "excluded_lines": 0}, "missing_lines": [319, 320, 325, 326, 327, 328, 329], "excluded_lines": []}, "AutoCron.add_task": {"executed_lines": [375, 376, 394, 395, 398, 402, 403, 406, 409], "summary": {"covered_lines": 9, "num_statements": 13, "percent_covered": 69.23076923076923, "percent_covered_display": "69.23", "missing_lines": 4, "excluded_lines": 0}, "missing_lines": [399, 407, 411, 412], "excluded_lines": []}, "AutoCron.remove_task": {"executed_lines": [425, 426, 427, 428, 429, 430, 433, 439, 440, 441, 442, 443, 444, 447, 453], "summary": {"covered_lines": 15, "num_statements": 24, "percent_covered": 62.5, "percent_covered_display": "62.50", "missing_lines": 9, "excluded_lines": 0}, "missing_lines": [434, 435, 436, 437, 448, 449, 450, 451, 455], "excluded_lines": []}, "AutoCron.get_task": {"executed_lines": [468, 469, 470, 471, 472, 473, 474], "summary": {"covered_lines": 7, "num_statements": 7, "percent_covered": 100.0, "percent_covered_display": "100.00", "missing_lines": 0, "excluded_lines": 0}, "missing_lines": [], "excluded_lines": []}, "AutoCron.list_tasks": {"executed_lines": [483], "summary": {"covered_lines": 1, "num_statements": 1, "percent_covered": 100.0, "percent_covered_display": "100.00", "missing_lines": 0, "excluded_lines": 0}, "missing_lines": [], "excluded_lines": []}, "AutoCron.save_tasks": {"executed_lines": [507, 509, 510, 511, 512, 514, 517, 518, 520, 521, 522, 524, 526, 527, 534, 535, 536, 537, 542, 543, 544, 550, 555, 556, 558, 559], "summary": {"covered_lines": 26, "num_statements": 26, "percent_covered": 100.0, "percent_covered_display": "100.00", "missing_lines": 0, "excluded_lines": 0}, "missing_lines": [], "excluded_lines": []}, "AutoCron.load_tasks": {"executed_lines": [582, 584, 588, 590, 591, 594, 595, 596, 597, 598, 599, 600, 602, 608, 609, 612, 613, 614, 615, 618, 619, 621, 622, 623, 626, 627, 628, 631, 632, 635, 636, 642, 646, 648, 649], "summary": {"covered_lines": 35, "num_statements": 42, "percent_covered": 83.33333333333333, "percent_covered_display": "83.33", "missing_lines": 7, "excluded_lines": 0}, "missing_lines": [585, 586, 638, 639, 640, 650, 651], "excluded_lines": []}, "AutoCron.start": {"executed_lines": [660, 661, 662, 664, 665, 667, 668, 670, 671], "summary": {"covered_lines": 9, "num_statements": 9, "percent_covered": 100.0, "percent_covered_display": "100.00", "missing_lines": 0, "excluded_lines": 0}, "missing_lines": [], "excluded_lines": []}, "AutoCron.stop": {"executed_lines": [675, 676, 678, 679, 682, 683, 686, 687], "summary": {"covered_lines": 8, "num_statements": 9, "percent_covered": 88.88888888888889, "percent_covered_display": "88.89", "missing_lines": 1, "excluded_lines": 0}, "missing_lines": [688], "excluded_lines": []}, "AutoCron._run": {"executed_lines": [692, 693, 695, 697, 698, 700, 701, 704], "summary": {"covered_lines": 8, "num_statements": 11, "percent_covered": 72.72727272727273, "percent_covered_display": "72.73", "missing_lines": 3, "excluded_lines": 0}, "missing_lines": [706, 707, 708], "excluded_lines": []}, "AutoCron._execute_task_async": {"executed_lines": [713, 716, 720, 721, 722], "summary": {"covered_lines": 5, "num_statements": 7, "percent_covered": 71.42857142857143, "percent_covered_display": "71.43", "missing_lines": 2, "excluded_lines": 0}, "missing_lines": [717, 718], "excluded_lines": []}, "AutoCron._execute_task": {"executed_lines": [727, 728, 729, 730, 732, 733, 734, 735, 738, 739, 742, 743, 750, 752, 753, 754, 755, 758, 759, 761, 764, 768, 769, 770, 775, 776, 777, 783, 785, 786, 787, 788, 790, 795, 796, 799, 803, 804, 805, 810, 811, 812, 819, 822, 823, 824], "summary": {"covered_lines": 46, "num_statements": 52, "percent_covered": 88.46153846153847, "percent_covered_display": "88.46", "missing_lines": 6, "excluded_lines": 0}, "missing_lines": [765, 771, 772, 800, 806, 807], "excluded_lines": []}, "AutoCron._execute_function": {"executed_lines": [829, 830, 833, 834, 837, 838, 840, 846, 847, 848, 850, 851, 853, 856], "summary": {"covered_lines": 14, "num_statements": 15, "percent_covered": 93.33333333333333, "percent_covered_display": "93.33", "missing_lines": 1, "excluded_lines": 0}, "missing_lines": [854], "excluded_lines": []}, "AutoCron._execute_function.wrapper": {"executed_lines": [841, 842], "summary": {"covered_lines": 2, "num_statements": 4, "percent_covered": 50.0, "percent_covered_display": "50.00", "missing_lines": 2, "excluded_lines": 0}, "missing_lines": [843, 844], "excluded_lines": []}, "AutoCron._execute_async_function": {"executed_lines": [860, 862, 863, 871, 873, 874, 876, 877, 878], "summary": {"covered_lines": 9, "num_statements": 12, "percent_covered": 75.0, "percent_covered_display": "75.00", "missing_lines": 3, "excluded_lines": 0}, "missing_lines": [865, 866, 870], "excluded_lines": []}, "AutoCron._execute_script": {"executed_lines": [884, 886, 893], "summary": {"covered_lines": 3, "num_statements": 7, "percent_covered": 42.857142857142854, "percent_covered_display": "42.86", "missing_lines": 4, "excluded_lines": 0}, "missing_lines": [894, 895, 896, 897], "excluded_lines": []}, "AutoCron._execute_in_safe_mode": {"executed_lines": [930, 931, 937, 938, 941, 982, 993, 994, 995, 997, 998, 1000, 1001, 1002], "summary": {"covered_lines": 14, "num_statements": 29, "percent_covered": 48.275862068965516, "percent_covered_display": "48.28", "missing_lines": 15, "excluded_lines": 0}, "missing_lines": [942, 943, 945, 962, 971, 973, 1005, 1006, 1007, 1010, 1011, 1012, 1015, 1016, 1017], "excluded_lines": []}, "AutoCron._execute_in_safe_mode.set_limits": {"executed_lines": [], "summary": {"covered_lines": 0, "num_statements": 5, "percent_covered": 0.0, "percent_covered_display": "0.00", "missing_lines": 5, "excluded_lines": 0}, "missing_lines": [948, 949, 950, 956, 957], "excluded_lines": []}, "AutoCron._setup_task_notifications": {"executed_lines": [], "summary": {"covered_lines": 0, "num_statements": 8, "percent_covered": 0.0, "percent_covered_display": "0.00", "missing_lines": 8, "excluded_lines": 0}, "missing_lines": [1021, 1023, 1024, 1025, 1026, 1027, 1028, 1030], "excluded_lines": []}, "AutoCron._notify_success": {"executed_lines": [], "summary": {"covered_lines": 0, "num_statements": 2, "percent_covered": 0.0, "percent_covered_display": "0.00", "missing_lines": 2, "excluded_lines": 0}, "missing_lines": [1037, 1038], "excluded_lines": []}, "AutoCron._notify_failure": {"executed_lines": [], "summary": {"covered_lines": 0, "num_statements": 2, "percent_covered": 0.0, "percent_covered_display": "0.00", "missing_lines": 2, "excluded_lines": 0}, "missing_lines": [1042, 1043], "excluded_lines": []}, "AutoCron._register_os_task": {"executed_lines": [], "summary": {"covered_lines": 0, "num_statements": 7, "percent_covered": 0.0, "percent_covered_display": "0.00", "missing_lines": 7, "excluded_lines": 0}, "missing_lines": [1049, 1050, 1052, 1053, 1059, 1065, 1066], "excluded_lines": []}, "AutoCron._interval_to_cron": {"executed_lines": [], "summary": {"covered_lines": 0, "num_statements": 10, "percent_covered": 0.0, "percent_covered_display": "0.00", "missing_lines": 10, "excluded_lines": 0}, "missing_lines": [1070, 1072, 1073, 1074, 1075, 1076, 1077, 1078, 1079, 1081], "excluded_lines": []}, "AutoCron.from_config": {"executed_lines": [1094, 1096, 1097, 1100, 1101, 1106, 1107, 1123], "summary": {"covered_lines": 8, "num_statements": 8, "percent_covered": 100.0, "percent_covered_display": "100.00", "missing_lines": 0, "excluded_lines": 0}, "missing_lines": [], "excluded_lines": []}, "schedule": {"executed_lines": [1164, 1190], "summary": {"covered_lines": 2, "num_statements": 2, "percent_covered": 100.0, "percent_covered_display": "100.00", "missing_lines": 0, "excluded_lines": 0}, "missing_lines": [], "excluded_lines": []}, "schedule.decorator": {"executed_lines": [1167, 1168, 1170, 1184, 1185, 1188], "summary": {"covered_lines": 6, "num_statements": 6, "percent_covered": 100.0, "percent_covered_display": "100.00", "missing_lines": 0, "excluded_lines": 0}, "missing_lines": [], "excluded_lines": []}, "schedule.decorator.wrapper": {"executed_lines": [1186], "summary": {"covered_lines": 1, "num_statements": 1, "percent_covered": 100.0, "percent_covered_display": "100.00", "missing_lines": 0, "excluded_lines": 0}, "missing_lines": [], "excluded_lines": []}, "get_global_scheduler": {"executed_lines": [1195], "summary": {"covered_lines": 1, "num_statements": 1, "percent_covered": 100.0, "percent_covered_display": "100.00", "missing_lines": 0, "excluded_lines": 0}, "missing_lines": [], "excluded_lines": []}, "start_scheduler": {"executed_lines": [1206, 1209], "summary": {"covered_lines": 2, "num_statements": 3, "percent_covered": 66.66666666666667, "percent_covered_display": "66.67", "missing_lines": 1, "excluded_lines": 0}, "missing_lines": [1207], "excluded_lines": []}, "reset_global_scheduler": {"executed_lines": [1216, 1217, 1218, 1219], "summary": {"covered_lines": 4, "num_statements": 4, "percent_covered": 100.0, "percent_covered_display": "100.00", "missing_lines": 0, "excluded_lines": 0}, "missing_lines": [], "excluded_lines": []}, "": {"executed_lines": [1, 7, 8, 9, 10, 11, 12, 13, 14, 15, 16, 17, 18, 19, 20, 22, 23, 24, 25, 33, 34, 35, 41, 42, 44, 47, 48, 50, 53, 54, 78, 164, 175, 182, 188, 193, 198, 203, 231, 232, 281, 282, 288, 331, 414, 457, 476, 485, 561, 653, 673, 690, 710, 724, 826, 858, 882, 901, 1019, 1035, 1040, 1047, 1068, 1083, 1084, 1127, 1130, 1193, 1198, 1212], "summary": {"covered_lines": 62, "num_statements": 65, "percent_covered": 95.38461538461539, "percent_covered_display": "95.38", "missing_lines": 3, "excluded_lines": 3}, "missing_lines": [36, 37, 38], "excluded_lines": [44, 50, 198]}}, "classes": {"TaskExecutionError": {"executed_lines": [], "summary": {"covered_lines": 0, "num_statements": 0, "percent_covered": 100.0, "percent_covered_display": "100.00", "missing_lines": 0, "excluded_lines": 0}, "missing_lines": [], "excluded_lines": []}, "SchedulingError": {"executed_lines": [], "summary": {"covered_lines": 0, "num_statements": 0, "percent_covered": 100.0, "percent_covered_display": "100.00", "missing_lines": 0, "excluded_lines": 0}, "missing_lines": [], "excluded_lines": []}, "Task": {"executed_lines": [116, 117, 119, 122, 123, 125, 128, 129, 130, 131, 132, 133, 134, 135, 136, 137, 138, 139, 142, 143, 144, 147, 148, 149, 150, 152, 153, 154, 155, 158, 159, 160, 161, 162, 166, 167, 172, 173, 177, 178, 180, 184, 185, 186, 190, 191, 195, 196, 200, 201, 210, 245, 252, 268, 269, 270, 271, 273, 274, 275, 276, 278], "summary": {"covered_lines": 60, "num_statements": 63, "percent_covered": 95.23809523809524, "percent_covered_display": "95.24", "missing_lines": 3, "excluded_lines": 3}, "missing_lines": [120, 126, 246], "excluded_lines": [199, 200, 201]}, "AutoCron": {"executed_lines": [304, 305, 306, 307, 308, 309, 310, 311, 312, 315, 316, 317, 318, 323, 324, 375, 376, 394, 395, 398, 402, 403, 406, 409, 425, 426, 427, 428, 429, 430, 433, 439, 440, 441, 442, 443, 444, 447, 453, 468, 469, 470, 471, 472, 473, 474, 483, 507, 509, 510, 511, 512, 514, 517, 518, 520, 521, 522, 524, 526, 527, 534, 535, 536, 537, 542, 543, 544, 550, 555, 556, 558, 559, 582, 584, 588, 590, 591, 594, 595, 596, 597, 598, 599, 600, 602, 608, 609, 612, 613, 614, 615, 618, 619, 621, 622, 623, 626, 627, 628, 631, 632, 635, 636, 642, 646, 648, 649, 660, 661, 662, 664, 665, 667, 668, 670, 671, 675, 676, 678, 679, 682, 683, 686, 687, 692, 693, 695, 697, 698, 700, 701, 704, 713, 716, 720, 721, 722, 727, 728, 729, 730, 732, 733, 734, 735, 738, 739, 742, 743, 750, 752, 753, 754, 755, 758, 759, 761, 764, 768, 769, 770, 775, 776, 777, 783, 785, 786, 787, 788, 790, 795, 796, 799, 803, 804, 805, 810, 811, 812, 819, 822, 823, 824, 829, 830, 833, 834, 837, 838, 840, 841, 842, 846, 847, 848, 850, 851, 853, 856, 860, 862, 863, 871, 873, 874, 876, 877, 878, 884, 886, 893, 930, 931, 937, 938, 941, 982, 993, 994, 995, 997, 998, 1000, 1001, 1002, 1094, 1096, 1097, 1100, 1101, 1106, 1107, 1123], "summary": {"covered_lines": 234, "num_statements": 332, "percent_covered": 70.48192771084338, "percent_covered_display": "70.48", "missing_lines": 98, "excluded_lines": 0}, "missing_lines": [319, 320, 325, 326, 327, 328, 329, 399, 407, 411, 412, 434, 435, 436, 437, 448, 449, 450, 451, 455, 585, 586, 638, 639, 640, 650, 651, 688, 706, 707, 708, 717, 718, 765, 771, 772, 800, 806, 807, 843, 844, 854, 865, 866, 870, 894, 895, 896, 897, 942, 943, 945, 948, 949, 950, 956, 957, 962, 971, 973, 1005, 1006, 1007, 1010, 1011, 1012, 1015, 1016, 1017, 1021, 1023, 1024, 1025, 1026, 1027, 1028, 1030, 1037, 1038, 1042, 1043, 1049, 1050, 1052, 1053, 1059, 1065, 1066, 1070, 1072, 1073, 1074, 1075, 1076, 1077, 1078, 1079, 1081], "excluded_lines": []}, "": {"executed_lines": [1, 7, 8, 9, 10, 11, 12, 13, 14, 15, 16, 17, 18, 19, 20, 22, 23, 24, 25, 33, 34, 35, 41, 42, 44, 47, 48, 50, 53, 54, 78, 164, 175, 182, 188, 193, 198, 203, 231, 232, 281, 282, 288, 331, 414, 457, 476, 485, 561, 653, 673, 690, 710, 724, 826, 858, 882, 901, 1019, 1035, 1040, 1047, 1068, 1083, 1084, 1127, 1130, 1164, 1167, 1168, 1170, 1184, 1185, 1186, 1188, 1190, 1193, 1195, 1198, 1206, 1209, 1212, 1216, 1217, 1218, 1219], "summary": {"covered_lines": 78, "num_statements": 82, "percent_covered": 95.1219512195122, "percent_covered_display": "95.12", "missing_lines": 4, "excluded_lines": 3}, "missing_lines": [36, 37, 38, 1207], "excluded_lines": [44, 50, 198]}}}, "autocron\\utils.py": {"executed_lines": [1, 8, 9, 10, 11, 12, 15, 16, 18, 21, 44, 45, 47, 48, 52, 53, 55, 57, 60, 76, 78, 80, 85, 97, 108, 110, 113, 115, 118, 120, 123, 137, 139, 140, 141, 142, 144, 145, 146, 147, 148, 149, 150, 151, 152, 154, 157, 172, 174, 176, 179, 193, 194, 196, 199, 200, 201, 202, 205, 225, 226, 229, 240, 241, 243, 248, 249, 255, 257, 263, 270, 272, 275, 282, 284, 285, 286], "summary": {"covered_lines": 73, "num_statements": 84, "percent_covered": 86.9047619047619, "percent_covered_display": "86.90", "missing_lines": 11, "excluded_lines": 1}, "missing_lines": [81, 82, 197, 242, 244, 245, 258, 259, 260, 288, 289], "excluded_lines": [18], "functions": {"parse_interval": {"executed_lines": [44, 45, 47, 48, 52, 53, 55, 57], "summary": {"covered_lines": 8, "num_statements": 8, "percent_covered": 100.0, "percent_covered_display": "100.00", "missing_lines": 0, "excluded_lines": 0}, "missing_lines": [], "excluded_lines": []}, "validate_cron_expression": {"executed_lines": [76, 78, 80], "summary": {"covered_lines": 3, "num_statements": 5, "percent_covered": 60.0, "percent_covered_display": "60.00", "missing_lines": 2, "excluded_lines": 0}, "missing_lines": [81, 82], "excluded_lines": []}, "get_platform_info": {"executed_lines": [97], "summary": {"covered_lines": 1, "num_statements": 1, "percent_covered": 100.0, "percent_covered_display": "100.00", "missing_lines": 0, "excluded_lines": 0}, "missing_lines": [], "excluded_lines": []}, "is_windows": {"executed_lines": [110], "summary": {"covered_lines": 1, "num_statements": 1, "percent_covered": 100.0, "percent_covered_display": "100.00", "missing_lines": 0, "excluded_lines": 0}, "missing_lines": [], "excluded_lines": []}, "is_linux": {"executed_lines": [115], "summary": {"covered_lines": 1, "num_statements": 1, "percent_covered": 100.0, "percent_covered_display": "100.00", "missing_lines": 0, "excluded_lines": 0}, "missing_lines": [], "excluded_lines": []}, "is_macos": {"executed_lines": [120], "summary": {"covered_lines": 1, "num_statements": 1, "percent_covered": 100.0, "percent_covered_display": "100.00", "missing_lines": 0, "excluded_lines": 0}, "missing_lines": [], "excluded_lines": []}, "format_timedelta": {"executed_lines": [137, 139, 140, 141, 142, 144, 145, 146, 147, 148, 149, 150, 151, 152, 154], "summary": {"covered_lines": 15, "num_statements": 15, "percent_covered": 100.0, "percent_covered_display": "100.00", "missing_lines": 0, "excluded_lines": 0}, "missing_lines": [], "excluded_lines": []}, "sanitize_task_name": {"executed_lines": [172, 174, 176], "summary": {"covered_lines": 3, "num_statements": 3, "percent_covered": 100.0, "percent_covered_display": "100.00", "missing_lines": 0, "excluded_lines": 0}, "missing_lines": [], "excluded_lines": []}, "get_next_run_time": {"executed_lines": [193, 194, 196, 199, 200, 201, 202], "summary": {"covered_lines": 7, "num_statements": 8, "percent_covered": 87.5, "percent_covered_display": "87.50", "missing_lines": 1, "excluded_lines": 0}, "missing_lines": [197], "excluded_lines": []}, "calculate_retry_delay": {"executed_lines": [225, 226], "summary": {"covered_lines": 2, "num_statements": 2, "percent_covered": 100.0, "percent_covered_display": "100.00", "missing_lines": 0, "excluded_lines": 0}, "missing_lines": [], "excluded_lines": []}, "safe_import": {"executed_lines": [240, 241, 243], "summary": {"covered_lines": 3, "num_statements": 6, "percent_covered": 50.0, "percent_covered_display": "50.00", "missing_lines": 3, "excluded_lines": 0}, "missing_lines": [242, 244, 245], "excluded_lines": []}, "SingletonMeta.__call__": {"executed_lines": [], "summary": {"covered_lines": 0, "num_statements": 3, "percent_covered": 0.0, "percent_covered_display": "0.00", "missing_lines": 3, "excluded_lines": 0}, "missing_lines": [258, 259, 260], "excluded_lines": []}, "ensure_directory": {"executed_lines": [270, 272], "summary": {"covered_lines": 2, "num_statements": 2, "percent_covered": 100.0, "percent_covered_display": "100.00", "missing_lines": 0, "excluded_lines": 0}, "missing_lines": [], "excluded_lines": []}, "get_default_log_path": {"executed_lines": [282, 284, 285, 286], "summary": {"covered_lines": 4, "num_statements": 6, "percent_covered": 66.66666666666667, "percent_covered_display": "66.67", "missing_lines": 2, "excluded_lines": 0}, "missing_lines": [288, 289], "excluded_lines": []}, "": {"executed_lines": [1, 8, 9, 10, 11, 12, 15, 16, 18, 21, 60, 85, 108, 113, 118, 123, 157, 179, 205, 229, 248, 249, 255, 257, 263, 275], "summary": {"covered_lines": 22, "num_statements": 22, "percent_covered": 100.0, "percent_covered_display": "100.00", "missing_lines": 0, "excluded_lines": 1}, "missing_lines": [], "excluded_lines": [18]}}, "classes": {"TimeParseError": {"executed_lines": [], "summary": {"covered_lines": 0, "num_statements": 0, "percent_covered": 100.0, "percent_covered_display": "100.00", "missing_lines": 0, "excluded_lines": 0}, "missing_lines": [], "excluded_lines": []}, "SingletonMeta": {"executed_lines": [], "summary": {"covered_lines": 0, "num_statements": 3, "percent_covered": 0.0, "percent_covered_display": "0.00", "missing_lines": 3, "excluded_lines": 0}, "missing_lines": [258, 259, 260], "excluded_lines": []}, "": {"executed_lines": [1, 8, 9, 10, 11, 12, 15, 16, 18, 21, 44, 45, 47, 48, 52, 53, 55, 57, 60, 76, 78, 80, 85, 97, 108, 110, 113, 115, 118, 120, 123, 137, 139, 140, 141, 142, 144, 145, 146, 147, 148, 149, 150, 151, 152, 154, 157, 172, 174, 176, 179, 193, 194, 196, 199, 200, 201, 202, 205, 225, 226, 229, 240, 241, 243, 248, 249, 255, 257, 263, 270, 272, 275, 282, 284, 285, 286], "summary": {"covered_lines": 73, "num_statements": 81, "percent_covered": 90.12345679012346, "percent_covered_display": "90.12", "missing_lines": 8, "excluded_lines": 1}, "missing_lines": [81, 82, 197, 242, 244, 245, 288, 289], "excluded_lines": [18]}}}, "autocron\\version.py": {"executed_lines": [1, 3, 4, 5, 6, 7], "summary": {"covered_lines": 5, "num_statements": 5, "percent_covered": 100.0, "percent_covered_display": "100.00", "missing_lines": 0, "excluded_lines": 0}, "missing_lines": [], "excluded_lines": [], "functions": {"": {"executed_lines": [1, 3, 4, 5, 6, 7], "summary": {"covered_lines": 5, "num_statements": 5, "percent_covered": 100.0, "percent_covered_display": "100.00", "missing_lines": 0, "excluded_lines": 0}, "missing_lines": [], "excluded_lines": []}}, "classes": {"": {"executed_lines": [1, 3, 4, 5, 6, 7], "summary": {"covered_lines": 5, "num_statements": 5, "percent_covered": 100.0, "percent_covered_display": "100.00", "missing_lines": 0, "excluded_lines": 0}, "missing_lines": [], "excluded_lines": []}}}}, "totals": {"covered_lines": 685, "num_statements": 1096, "percent_covered": 62.5, "percent_covered_display": "62.50", "missing_lines": 411, "excluded_lines": 81}}