{"meta": {"format": 3, "version": "7.11.0", "timestamp": "2025-10-28T07:32:45.806047", "branch_coverage": false, "show_contexts": false}, "files": {"autocron\\__init__.py": {"executed_lines": [1, 7, 9, 19, 22, 23, 25, 43], "summary": {"covered_lines": 7, "num_statements": 14, "percent_covered": 50.0, "percent_covered_display": "50.00", "missing_lines": 7, "excluded_lines": 2}, "missing_lines": [26, 27, 37, 38, 39, 40, 41], "excluded_lines": [28, 29], "functions": {"": {"executed_lines": [1, 7, 9, 19, 22, 23, 25, 43], "summary": {"covered_lines": 7, "num_statements": 14, "percent_covered": 50.0, "percent_covered_display": "50.00", "missing_lines": 7, "excluded_lines": 2}, "missing_lines": [26, 27, 37, 38, 39, 40, 41], "excluded_lines": [28, 29]}}, "classes": {"": {"executed_lines": [1, 7, 9, 19, 22, 23, 25, 43], "summary": {"covered_lines": 7, "num_statements": 14, "percent_covered": 50.0, "percent_covered_display": "50.00", "missing_lines": 7, "excluded_lines": 2}, "missing_lines": [26, 27, 37, 38, 39, 40, 41], "excluded_lines": [28, 29]}}}, "autocron\\dashboard.py": {"executed_lines": [1, 8, 9, 10, 11, 12, 14, 15, 16, 17, 18, 19, 21, 28, 29, 31, 38, 39, 41, 42, 43, 45, 47, 48, 49, 50, 55, 57, 58, 59, 61, 78, 79, 90, 91, 92, 93, 95, 96, 98, 101, 109, 110, 113, 114, 115, 117, 119, 156, 168, 219, 220, 222, 231, 239, 290, 366, 391, 432, 456, 477, 483, 493], "summary": {"covered_lines": 60, "num_statements": 217, "percent_covered": 27.649769585253456, "percent_covered_display": "27.65", "missing_lines": 157, "excluded_lines": 2}, "missing_lines": [22, 23, 51, 52, 53, 128, 129, 131, 132, 134, 135, 137, 138, 141, 143, 162, 163, 164, 165, 166, 177, 178, 179, 181, 184, 185, 191, 192, 193, 199, 200, 206, 207, 208, 209, 213, 214, 216, 228, 229, 233, 234, 241, 243, 245, 246, 247, 249, 256, 257, 258, 259, 260, 261, 263, 265, 266, 267, 268, 270, 273, 274, 277, 279, 288, 296, 298, 300, 301, 302, 305, 309, 310, 312, 313, 314, 315, 316, 317, 319, 320, 321, 322, 324, 325, 328, 335, 336, 337, 338, 339, 341, 342, 343, 344, 345, 346, 347, 349, 351, 352, 355, 357, 364, 372, 374, 375, 377, 378, 383, 384, 386, 387, 388, 389, 393, 395, 402, 403, 404, 405, 406, 407, 409, 410, 412, 413, 418, 419, 421, 430, 441, 442, 444, 445, 446, 447, 448, 449, 450, 451, 453, 454, 462, 463, 465, 467, 468, 470, 471, 473, 479, 480, 489, 490, 499, 500], "excluded_lines": [24, 25], "functions": {"TaskAnalytics.__init__": {"executed_lines": [38, 39, 41, 42, 43], "summary": {"covered_lines": 5, "num_statements": 5, "percent_covered": 100.0, "percent_covered_display": "100.00", "missing_lines": 0, "excluded_lines": 0}, "missing_lines": [], "excluded_lines": []}, "TaskAnalytics._load": {"executed_lines": [47, 48, 49, 50], "summary": {"covered_lines": 4, "num_statements": 7, "percent_covered": 57.142857142857146, "percent_covered_display": "57.14", "missing_lines": 3, "excluded_lines": 0}, "missing_lines": [51, 52, 53], "excluded_lines": []}, "TaskAnalytics._save": {"executed_lines": [57, 58, 59], "summary": {"covered_lines": 3, "num_statements": 3, "percent_covered": 100.0, "percent_covered_display": "100.00", "missing_lines": 0, "excluded_lines": 0}, "missing_lines": [], "excluded_lines": []}, "TaskAnalytics.record_execution": {"executed_lines": [78, 79, 90, 91, 92, 93, 95, 96, 98, 101, 109, 110, 113, 114, 115, 117], "summary": {"covered_lines": 16, "num_statements": 16, "percent_covered": 100.0, "percent_covered_display": "100.00", "missing_lines": 0, "excluded_lines": 0}, "missing_lines": [], "excluded_lines": []}, "TaskAnalytics.get_task_stats": {"executed_lines": [], "summary": {"covered_lines": 0, "num_statements": 10, "percent_covered": 0.0, "percent_covered_display": "0.00", "missing_lines": 10, "excluded_lines": 0}, "missing_lines": [128, 129, 131, 132, 134, 135, 137, 138, 141, 143], "excluded_lines": []}, "TaskAnalytics.get_all_stats": {"executed_lines": [], "summary": {"covered_lines": 0, "num_statements": 5, "percent_covered": 0.0, "percent_covered_display": "0.00", "missing_lines": 5, "excluded_lines": 0}, "missing_lines": [162, 163, 164, 165, 166], "excluded_lines": []}, "TaskAnalytics.get_recommendations": {"executed_lines": [], "summary": {"covered_lines": 0, "num_statements": 18, "percent_covered": 0.0, "percent_covered_display": "0.00", "missing_lines": 18, "excluded_lines": 0}, "missing_lines": [177, 178, 179, 181, 184, 185, 191, 192, 193, 199, 200, 206, 207, 208, 209, 213, 214, 216], "excluded_lines": []}, "Dashboard.__init__": {"executed_lines": [], "summary": {"covered_lines": 0, "num_statements": 2, "percent_covered": 0.0, "percent_covered_display": "0.00", "missing_lines": 2, "excluded_lines": 0}, "missing_lines": [228, 229], "excluded_lines": []}, "Dashboard._check_rich": {"executed_lines": [], "summary": {"covered_lines": 0, "num_statements": 2, "percent_covered": 0.0, "percent_covered_display": "0.00", "missing_lines": 2, "excluded_lines": 0}, "missing_lines": [233, 234], "excluded_lines": []}, "Dashboard.show_summary": {"executed_lines": [], "summary": {"covered_lines": 0, "num_statements": 23, "percent_covered": 0.0, "percent_covered_display": "0.00", "missing_lines": 23, "excluded_lines": 0}, "missing_lines": [241, 243, 245, 246, 247, 249, 256, 257, 258, 259, 260, 261, 263, 265, 266, 267, 268, 270, 273, 274, 277, 279, 288], "excluded_lines": []}, "Dashboard.show_task_details": {"executed_lines": [], "summary": {"covered_lines": 0, "num_statements": 39, "percent_covered": 0.0, "percent_covered_display": "0.00", "missing_lines": 39, "excluded_lines": 0}, "missing_lines": [296, 298, 300, 301, 302, 305, 309, 310, 312, 313, 314, 315, 316, 317, 319, 320, 321, 322, 324, 325, 328, 335, 336, 337, 338, 339, 341, 342, 343, 344, 345, 346, 347, 349, 351, 352, 355, 357, 364], "excluded_lines": []}, "Dashboard.show_live_monitor": {"executed_lines": [], "summary": {"covered_lines": 0, "num_statements": 11, "percent_covered": 0.0, "percent_covered_display": "0.00", "missing_lines": 11, "excluded_lines": 0}, "missing_lines": [372, 374, 375, 377, 378, 383, 384, 386, 387, 388, 389], "excluded_lines": []}, "Dashboard._generate_live_view": {"executed_lines": [], "summary": {"covered_lines": 0, "num_statements": 16, "percent_covered": 0.0, "percent_covered_display": "0.00", "missing_lines": 16, "excluded_lines": 0}, "missing_lines": [393, 395, 402, 403, 404, 405, 406, 407, 409, 410, 412, 413, 418, 419, 421, 430], "excluded_lines": []}, "Dashboard._format_time_ago": {"executed_lines": [], "summary": {"covered_lines": 0, "num_statements": 12, "percent_covered": 0.0, "percent_covered_display": "0.00", "missing_lines": 12, "excluded_lines": 0}, "missing_lines": [441, 442, 444, 445, 446, 447, 448, 449, 450, 451, 453, 454], "excluded_lines": []}, "Dashboard.export_stats": {"executed_lines": [], "summary": {"covered_lines": 0, "num_statements": 8, "percent_covered": 0.0, "percent_covered_display": "0.00", "missing_lines": 8, "excluded_lines": 0}, "missing_lines": [462, 463, 465, 467, 468, 470, 471, 473], "excluded_lines": []}, "show_dashboard": {"executed_lines": [], "summary": {"covered_lines": 0, "num_statements": 2, "percent_covered": 0.0, "percent_covered_display": "0.00", "missing_lines": 2, "excluded_lines": 0}, "missing_lines": [479, 480], "excluded_lines": []}, "show_task": {"executed_lines": [], "summary": {"covered_lines": 0, "num_statements": 2, "percent_covered": 0.0, "percent_covered_display": "0.00", "missing_lines": 2, "excluded_lines": 0}, "missing_lines": [489, 490], "excluded_lines": []}, "live_monitor": {"executed_lines": [], "summary": {"covered_lines": 0, "num_statements": 2, "percent_covered": 0.0, "percent_covered_display": "0.00", "missing_lines": 2, "excluded_lines": 0}, "missing_lines": [499, 500], "excluded_lines": []}, "": {"executed_lines": [1, 8, 9, 10, 11, 12, 14, 15, 16, 17, 18, 19, 21, 28, 29, 31, 45, 55, 61, 119, 156, 168, 219, 220, 222, 231, 239, 290, 366, 391, 432, 456, 477, 483, 493], "summary": {"covered_lines": 32, "num_statements": 34, "percent_covered": 94.11764705882354, "percent_covered_display": "94.12", "missing_lines": 2, "excluded_lines": 2}, "missing_lines": [22, 23], "excluded_lines": [24, 25]}}, "classes": {"TaskAnalytics": {"executed_lines": [38, 39, 41, 42, 43, 47, 48, 49, 50, 57, 58, 59, 78, 79, 90, 91, 92, 93, 95, 96, 98, 101, 109, 110, 113, 114, 115, 117], "summary": {"covered_lines": 28, "num_statements": 64, "percent_covered": 43.75, "percent_covered_display": "43.75", "missing_lines": 36, "excluded_lines": 0}, "missing_lines": [51, 52, 53, 128, 129, 131, 132, 134, 135, 137, 138, 141, 143, 162, 163, 164, 165, 166, 177, 178, 179, 181, 184, 185, 191, 192, 193, 199, 200, 206, 207, 208, 209, 213, 214, 216], "excluded_lines": []}, "Dashboard": {"executed_lines": [], "summary": {"covered_lines": 0, "num_statements": 113, "percent_covered": 0.0, "percent_covered_display": "0.00", "missing_lines": 113, "excluded_lines": 0}, "missing_lines": [228, 229, 233, 234, 241, 243, 245, 246, 247, 249, 256, 257, 258, 259, 260, 261, 263, 265, 266, 267, 268, 270, 273, 274, 277, 279, 288, 296, 298, 300, 301, 302, 305, 309, 310, 312, 313, 314, 315, 316, 317, 319, 320, 321, 322, 324, 325, 328, 335, 336, 337, 338, 339, 341, 342, 343, 344, 345, 346, 347, 349, 351, 352, 355, 357, 364, 372, 374, 375, 377, 378, 383, 384, 386, 387, 388, 389, 393, 395, 402, 403, 404, 405, 406, 407, 409, 410, 412, 413, 418, 419, 421, 430, 441, 442, 444, 445, 446, 447, 448, 449, 450, 451, 453, 454, 462, 463, 465, 467, 468, 470, 471, 473], "excluded_lines": []}, "": {"executed_lines": [1, 8, 9, 10, 11, 12, 14, 15, 16, 17, 18, 19, 21, 28, 29, 31, 45, 55, 61, 119, 156, 168, 219, 220, 222, 231, 239, 290, 366, 391, 432, 456, 477, 483, 493], "summary": {"covered_lines": 32, "num_statements": 40, "percent_covered": 80.0, "percent_covered_display": "80.00", "missing_lines": 8, "excluded_lines": 2}, "missing_lines": [22, 23, 479, 480, 489, 490, 499, 500], "excluded_lines": [24, 25]}}}, "autocron\\logger.py": {"executed_lines": [1, 8, 9, 10, 11, 13, 16, 17, 28, 48, 49, 52, 53, 55, 57, 60, 61, 63, 66, 67, 70, 73, 78, 83, 86, 87, 88, 91, 92, 93, 94, 95, 97, 99, 101, 103, 105, 107, 109, 111, 113, 115, 117, 119, 121, 123, 125, 127, 132, 136, 141, 143, 148, 150, 152, 154, 156, 158, 160, 162, 164, 166, 168, 178, 179, 180, 181, 182, 183, 184, 186, 188, 189, 190, 191, 197, 200, 217, 218, 222, 225, 228], "summary": {"covered_lines": 80, "num_statements": 82, "percent_covered": 97.5609756097561, "percent_covered_display": "97.56", "missing_lines": 2, "excluded_lines": 0}, "missing_lines": [192, 193], "excluded_lines": [], "functions": {"AutoCronLogger.__init__": {"executed_lines": [48, 49, 52, 53, 55, 57, 60, 61, 63, 66, 67, 70, 73, 78, 83, 86, 87, 88, 91, 92, 93, 94, 95], "summary": {"covered_lines": 23, "num_statements": 23, "percent_covered": 100.0, "percent_covered_display": "100.00", "missing_lines": 0, "excluded_lines": 0}, "missing_lines": [], "excluded_lines": []}, "AutoCronLogger.debug": {"executed_lines": [99], "summary": {"covered_lines": 1, "num_statements": 1, "percent_covered": 100.0, "percent_covered_display": "100.00", "missing_lines": 0, "excluded_lines": 0}, "missing_lines": [], "excluded_lines": []}, "AutoCronLogger.info": {"executed_lines": [103], "summary": {"covered_lines": 1, "num_statements": 1, "percent_covered": 100.0, "percent_covered_display": "100.00", "missing_lines": 0, "excluded_lines": 0}, "missing_lines": [], "excluded_lines": []}, "AutoCronLogger.warning": {"executed_lines": [107], "summary": {"covered_lines": 1, "num_statements": 1, "percent_covered": 100.0, "percent_covered_display": "100.00", "missing_lines": 0, "excluded_lines": 0}, "missing_lines": [], "excluded_lines": []}, "AutoCronLogger.error": {"executed_lines": [111], "summary": {"covered_lines": 1, "num_statements": 1, "percent_covered": 100.0, "percent_covered_display": "100.00", "missing_lines": 0, "excluded_lines": 0}, "missing_lines": [], "excluded_lines": []}, "AutoCronLogger.critical": {"executed_lines": [115], "summary": {"covered_lines": 1, "num_statements": 1, "percent_covered": 100.0, "percent_covered_display": "100.00", "missing_lines": 0, "excluded_lines": 0}, "missing_lines": [], "excluded_lines": []}, "AutoCronLogger.exception": {"executed_lines": [119], "summary": {"covered_lines": 1, "num_statements": 1, "percent_covered": 100.0, "percent_covered_display": "100.00", "missing_lines": 0, "excluded_lines": 0}, "missing_lines": [], "excluded_lines": []}, "AutoCronLogger.log_task_start": {"executed_lines": [123], "summary": {"covered_lines": 1, "num_statements": 1, "percent_covered": 100.0, "percent_covered_display": "100.00", "missing_lines": 0, "excluded_lines": 0}, "missing_lines": [], "excluded_lines": []}, "AutoCronLogger.log_task_success": {"executed_lines": [127], "summary": {"covered_lines": 1, "num_statements": 1, "percent_covered": 100.0, "percent_covered_display": "100.00", "missing_lines": 0, "excluded_lines": 0}, "missing_lines": [], "excluded_lines": []}, "AutoCronLogger.log_task_failure": {"executed_lines": [136], "summary": {"covered_lines": 1, "num_statements": 1, "percent_covered": 100.0, "percent_covered_display": "100.00", "missing_lines": 0, "excluded_lines": 0}, "missing_lines": [], "excluded_lines": []}, "AutoCronLogger.log_task_retry": {"executed_lines": [143], "summary": {"covered_lines": 1, "num_statements": 1, "percent_covered": 100.0, "percent_covered_display": "100.00", "missing_lines": 0, "excluded_lines": 0}, "missing_lines": [], "excluded_lines": []}, "AutoCronLogger.log_scheduler_start": {"executed_lines": [150], "summary": {"covered_lines": 1, "num_statements": 1, "percent_covered": 100.0, "percent_covered_display": "100.00", "missing_lines": 0, "excluded_lines": 0}, "missing_lines": [], "excluded_lines": []}, "AutoCronLogger.log_scheduler_stop": {"executed_lines": [154], "summary": {"covered_lines": 1, "num_statements": 1, "percent_covered": 100.0, "percent_covered_display": "100.00", "missing_lines": 0, "excluded_lines": 0}, "missing_lines": [], "excluded_lines": []}, "AutoCronLogger.log_task_scheduled": {"executed_lines": [158], "summary": {"covered_lines": 1, "num_statements": 1, "percent_covered": 100.0, "percent_covered_display": "100.00", "missing_lines": 0, "excluded_lines": 0}, "missing_lines": [], "excluded_lines": []}, "AutoCronLogger.log_task_removed": {"executed_lines": [162], "summary": {"covered_lines": 1, "num_statements": 1, "percent_covered": 100.0, "percent_covered_display": "100.00", "missing_lines": 0, "excluded_lines": 0}, "missing_lines": [], "excluded_lines": []}, "AutoCronLogger.get_log_file_path": {"executed_lines": [166], "summary": {"covered_lines": 1, "num_statements": 1, "percent_covered": 100.0, "percent_covered_display": "100.00", "missing_lines": 0, "excluded_lines": 0}, "missing_lines": [], "excluded_lines": []}, "AutoCronLogger.get_recent_logs": {"executed_lines": [178, 179, 180, 181, 182, 183, 184], "summary": {"covered_lines": 7, "num_statements": 7, "percent_covered": 100.0, "percent_covered_display": "100.00", "missing_lines": 0, "excluded_lines": 0}, "missing_lines": [], "excluded_lines": []}, "AutoCronLogger.clear_logs": {"executed_lines": [188, 189, 190, 191], "summary": {"covered_lines": 4, "num_statements": 6, "percent_covered": 66.66666666666667, "percent_covered_display": "66.67", "missing_lines": 2, "excluded_lines": 0}, "missing_lines": [192, 193], "excluded_lines": []}, "get_logger": {"executed_lines": [217, 218, 222], "summary": {"covered_lines": 3, "num_statements": 3, "percent_covered": 100.0, "percent_covered_display": "100.00", "missing_lines": 0, "excluded_lines": 0}, "missing_lines": [], "excluded_lines": []}, "reset_logger": {"executed_lines": [228], "summary": {"covered_lines": 1, "num_statements": 1, "percent_covered": 100.0, "percent_covered_display": "100.00", "missing_lines": 0, "excluded_lines": 0}, "missing_lines": [], "excluded_lines": []}, "": {"executed_lines": [1, 8, 9, 10, 11, 13, 16, 17, 28, 97, 101, 105, 109, 113, 117, 121, 125, 132, 141, 148, 152, 156, 160, 164, 168, 186, 197, 200, 225], "summary": {"covered_lines": 27, "num_statements": 27, "percent_covered": 100.0, "percent_covered_display": "100.00", "missing_lines": 0, "excluded_lines": 0}, "missing_lines": [], "excluded_lines": []}}, "classes": {"AutoCronLogger": {"executed_lines": [48, 49, 52, 53, 55, 57, 60, 61, 63, 66, 67, 70, 73, 78, 83, 86, 87, 88, 91, 92, 93, 94, 95, 99, 103, 107, 111, 115, 119, 123, 127, 136, 143, 150, 154, 158, 162, 166, 178, 179, 180, 181, 182, 183, 184, 188, 189, 190, 191], "summary": {"covered_lines": 49, "num_statements": 51, "percent_covered": 96.07843137254902, "percent_covered_display": "96.08", "missing_lines": 2, "excluded_lines": 0}, "missing_lines": [192, 193], "excluded_lines": []}, "": {"executed_lines": [1, 8, 9, 10, 11, 13, 16, 17, 28, 97, 101, 105, 109, 113, 117, 121, 125, 132, 141, 148, 152, 156, 160, 164, 168, 186, 197, 200, 217, 218, 222, 225, 228], "summary": {"covered_lines": 31, "num_statements": 31, "percent_covered": 100.0, "percent_covered_display": "100.00", "missing_lines": 0, "excluded_lines": 0}, "missing_lines": [], "excluded_lines": []}}}, "autocron\\notifications.py": {"executed_lines": [1, 7, 8, 9, 10, 11, 12, 14, 17, 18, 20, 23, 24, 26, 27, 42, 43, 49, 51, 52, 53, 58, 70, 71, 73, 79, 80, 81, 84, 85, 91, 104, 105, 106, 110, 111, 112, 113, 114, 115, 117, 129, 131, 132, 133, 134, 139, 140, 143, 148, 149, 150, 151, 153, 154, 156, 157, 158, 161, 162, 168, 170, 172, 180, 182, 184, 185, 186, 188, 195, 196, 198, 213, 214, 216, 217, 218, 219, 220, 221, 222, 223, 225, 227, 229, 243, 244, 246, 248, 269, 270, 274, 276, 289, 290, 292, 296, 299, 308, 309, 311, 314, 317], "summary": {"covered_lines": 91, "num_statements": 93, "percent_covered": 97.84946236559139, "percent_covered_display": "97.85", "missing_lines": 2, "excluded_lines": 19}, "missing_lines": [144, 145], "excluded_lines": [20, 26, 27, 28, 29, 30, 31, 32, 33, 34, 35, 36, 37, 38, 39, 92, 104, 114, 151], "functions": {"Notifier.send": {"executed_lines": [], "summary": {"covered_lines": 0, "num_statements": 0, "percent_covered": 100.0, "percent_covered_display": "100.00", "missing_lines": 0, "excluded_lines": 12}, "missing_lines": [], "excluded_lines": [28, 29, 30, 31, 32, 33, 34, 35, 36, 37, 38, 39]}, "DesktopNotifier.__init__": {"executed_lines": [51, 52, 53], "summary": {"covered_lines": 3, "num_statements": 3, "percent_covered": 100.0, "percent_covered_display": "100.00", "missing_lines": 0, "excluded_lines": 0}, "missing_lines": [], "excluded_lines": []}, "DesktopNotifier.send": {"executed_lines": [70, 71, 73, 79, 80, 81], "summary": {"covered_lines": 6, "num_statements": 6, "percent_covered": 100.0, "percent_covered_display": "100.00", "missing_lines": 0, "excluded_lines": 0}, "missing_lines": [], "excluded_lines": []}, "EmailNotifier.__init__": {"executed_lines": [104, 105, 106, 110, 111, 112, 113, 114, 115], "summary": {"covered_lines": 7, "num_statements": 7, "percent_covered": 100.0, "percent_covered_display": "100.00", "missing_lines": 0, "excluded_lines": 3}, "missing_lines": [], "excluded_lines": [92, 104, 114]}, "EmailNotifier.send": {"executed_lines": [129, 131, 132, 133, 134, 139, 140, 143, 148, 149, 150, 151, 153, 154, 156, 157, 158], "summary": {"covered_lines": 16, "num_statements": 18, "percent_covered": 88.88888888888889, "percent_covered_display": "88.89", "missing_lines": 2, "excluded_lines": 1}, "missing_lines": [144, 145], "excluded_lines": [151]}, "NotificationManager.__init__": {"executed_lines": [170], "summary": {"covered_lines": 1, "num_statements": 1, "percent_covered": 100.0, "percent_covered_display": "100.00", "missing_lines": 0, "excluded_lines": 0}, "missing_lines": [], "excluded_lines": []}, "NotificationManager.add_notifier": {"executed_lines": [180], "summary": {"covered_lines": 1, "num_statements": 1, "percent_covered": 100.0, "percent_covered_display": "100.00", "missing_lines": 0, "excluded_lines": 0}, "missing_lines": [], "excluded_lines": []}, "NotificationManager.setup_desktop": {"executed_lines": [184, 185, 186], "summary": {"covered_lines": 3, "num_statements": 3, "percent_covered": 100.0, "percent_covered_display": "100.00", "missing_lines": 0, "excluded_lines": 0}, "missing_lines": [], "excluded_lines": []}, "NotificationManager.setup_email": {"executed_lines": [195, 196], "summary": {"covered_lines": 2, "num_statements": 2, "percent_covered": 100.0, "percent_covered_display": "100.00", "missing_lines": 0, "excluded_lines": 0}, "missing_lines": [], "excluded_lines": []}, "NotificationManager.notify": {"executed_lines": [213, 214, 216, 217, 218, 219, 220, 221, 222, 223, 225, 227], "summary": {"covered_lines": 12, "num_statements": 12, "percent_covered": 100.0, "percent_covered_display": "100.00", "missing_lines": 0, "excluded_lines": 0}, "missing_lines": [], "excluded_lines": []}, "NotificationManager.notify_task_success": {"executed_lines": [243, 244, 246], "summary": {"covered_lines": 3, "num_statements": 3, "percent_covered": 100.0, "percent_covered_display": "100.00", "missing_lines": 0, "excluded_lines": 0}, "missing_lines": [], "excluded_lines": []}, "NotificationManager.notify_task_failure": {"executed_lines": [269, 270, 274], "summary": {"covered_lines": 3, "num_statements": 3, "percent_covered": 100.0, "percent_covered_display": "100.00", "missing_lines": 0, "excluded_lines": 0}, "missing_lines": [], "excluded_lines": []}, "NotificationManager.notify_scheduler_error": {"executed_lines": [289, 290, 292], "summary": {"covered_lines": 3, "num_statements": 3, "percent_covered": 100.0, "percent_covered_display": "100.00", "missing_lines": 0, "excluded_lines": 0}, "missing_lines": [], "excluded_lines": []}, "get_notification_manager": {"executed_lines": [308, 309, 311], "summary": {"covered_lines": 3, "num_statements": 3, "percent_covered": 100.0, "percent_covered_display": "100.00", "missing_lines": 0, "excluded_lines": 0}, "missing_lines": [], "excluded_lines": []}, "reset_notification_manager": {"executed_lines": [317], "summary": {"covered_lines": 1, "num_statements": 1, "percent_covered": 100.0, "percent_covered_display": "100.00", "missing_lines": 0, "excluded_lines": 0}, "missing_lines": [], "excluded_lines": []}, "": {"executed_lines": [1, 7, 8, 9, 10, 11, 12, 14, 17, 18, 20, 23, 24, 26, 27, 42, 43, 49, 58, 84, 85, 91, 117, 161, 162, 168, 172, 182, 188, 198, 229, 248, 276, 296, 299, 314], "summary": {"covered_lines": 27, "num_statements": 27, "percent_covered": 100.0, "percent_covered_display": "100.00", "missing_lines": 0, "excluded_lines": 3}, "missing_lines": [], "excluded_lines": [20, 26, 27]}}, "classes": {"NotificationError": {"executed_lines": [], "summary": {"covered_lines": 0, "num_statements": 0, "percent_covered": 100.0, "percent_covered_display": "100.00", "missing_lines": 0, "excluded_lines": 0}, "missing_lines": [], "excluded_lines": []}, "Notifier": {"executed_lines": [], "summary": {"covered_lines": 0, "num_statements": 0, "percent_covered": 100.0, "percent_covered_display": "100.00", "missing_lines": 0, "excluded_lines": 12}, "missing_lines": [], "excluded_lines": [28, 29, 30, 31, 32, 33, 34, 35, 36, 37, 38, 39]}, "DesktopNotifier": {"executed_lines": [51, 52, 53, 70, 71, 73, 79, 80, 81], "summary": {"covered_lines": 9, "num_statements": 9, "percent_covered": 100.0, "percent_covered_display": "100.00", "missing_lines": 0, "excluded_lines": 0}, "missing_lines": [], "excluded_lines": []}, "EmailNotifier": {"executed_lines": [104, 105, 106, 110, 111, 112, 113, 114, 115, 129, 131, 132, 133, 134, 139, 140, 143, 148, 149, 150, 151, 153, 154, 156, 157, 158], "summary": {"covered_lines": 23, "num_statements": 25, "percent_covered": 92.0, "percent_covered_display": "92.00", "missing_lines": 2, "excluded_lines": 4}, "missing_lines": [144, 145], "excluded_lines": [92, 104, 114, 151]}, "NotificationManager": {"executed_lines": [170, 180, 184, 185, 186, 195, 196, 213, 214, 216, 217, 218, 219, 220, 221, 222, 223, 225, 227, 243, 244, 246, 269, 270, 274, 289, 290, 292], "summary": {"covered_lines": 28, "num_statements": 28, "percent_covered": 100.0, "percent_covered_display": "100.00", "missing_lines": 0, "excluded_lines": 0}, "missing_lines": [], "excluded_lines": []}, "": {"executed_lines": [1, 7, 8, 9, 10, 11, 12, 14, 17, 18, 20, 23, 24, 26, 27, 42, 43, 49, 58, 84, 85, 91, 117, 161, 162, 168, 172, 182, 188, 198, 229, 248, 276, 296, 299, 308, 309, 311, 314, 317], "summary": {"covered_lines": 31, "num_statements": 31, "percent_covered": 100.0, "percent_covered_display": "100.00", "missing_lines": 0, "excluded_lines": 3}, "missing_lines": [], "excluded_lines": [20, 26, 27]}}}, "autocron\\os_adapters.py": {"executed_lines": [1, 7, 8, 9, 10, 11, 12, 14, 17, 18, 20, 23, 24, 26, 27, 48, 49, 61, 62, 71, 72, 85, 86, 92, 94, 96, 99, 107, 108, 113, 120, 128, 129, 130, 132, 134, 145, 147, 148, 153, 154, 159, 161, 162, 164, 166, 168, 172, 174, 175, 176, 180, 183, 184, 185, 195, 199, 204, 208, 257, 258, 264, 266, 271, 314, 343, 366, 372, 382, 383], "summary": {"covered_lines": 56, "num_statements": 123, "percent_covered": 45.52845528455285, "percent_covered_display": "45.53", "missing_lines": 67, "excluded_lines": 55}, "missing_lines": [97, 109, 111, 150, 156, 157, 169, 170, 181, 187, 188, 189, 190, 192, 193, 196, 197, 201, 202, 268, 269, 279, 280, 281, 283, 286, 289, 295, 298, 299, 301, 304, 310, 311, 312, 316, 318, 322, 323, 325, 326, 329, 330, 333, 339, 340, 341, 345, 346, 350, 351, 353, 354, 355, 357, 358, 359, 360, 362, 363, 364, 368, 369, 384, 385, 387, 388], "excluded_lines": [20, 26, 27, 28, 29, 30, 31, 32, 33, 34, 35, 36, 37, 38, 39, 40, 41, 42, 43, 44, 45, 46, 48, 49, 50, 51, 52, 53, 54, 55, 56, 57, 58, 59, 61, 62, 63, 64, 65, 66, 67, 68, 69, 71, 72, 73, 74, 75, 76, 77, 78, 79, 80, 81, 82], "functions": {"OSAdapter.create_scheduled_task": {"executed_lines": [], "summary": {"covered_lines": 0, "num_statements": 0, "percent_covered": 100.0, "percent_covered_display": "100.00", "missing_lines": 0, "excluded_lines": 13}, "missing_lines": [], "excluded_lines": [34, 35, 36, 37, 38, 39, 40, 41, 42, 43, 44, 45, 46]}, "OSAdapter.remove_scheduled_task": {"executed_lines": [], "summary": {"covered_lines": 0, "num_statements": 0, "percent_covered": 100.0, "percent_covered_display": "100.00", "missing_lines": 0, "excluded_lines": 10}, "missing_lines": [], "excluded_lines": [50, 51, 52, 53, 54, 55, 56, 57, 58, 59]}, "OSAdapter.list_scheduled_tasks": {"executed_lines": [], "summary": {"covered_lines": 0, "num_statements": 0, "percent_covered": 100.0, "percent_covered_display": "100.00", "missing_lines": 0, "excluded_lines": 7}, "missing_lines": [], "excluded_lines": [63, 64, 65, 66, 67, 68, 69]}, "OSAdapter.task_exists": {"executed_lines": [], "summary": {"covered_lines": 0, "num_statements": 0, "percent_covered": 100.0, "percent_covered_display": "100.00", "missing_lines": 0, "excluded_lines": 10}, "missing_lines": [], "excluded_lines": [73, 74, 75, 76, 77, 78, 79, 80, 81, 82]}, "WindowsAdapter.__init__": {"executed_lines": [96], "summary": {"covered_lines": 1, "num_statements": 2, "percent_covered": 50.0, "percent_covered_display": "50.00", "missing_lines": 1, "excluded_lines": 0}, "missing_lines": [97], "excluded_lines": []}, "WindowsAdapter.create_scheduled_task": {"executed_lines": [107, 108, 113, 120, 128, 129, 130, 132, 134, 145, 147, 148, 153, 154], "summary": {"covered_lines": 14, "num_statements": 19, "percent_covered": 73.6842105263158, "percent_covered_display": "73.68", "missing_lines": 5, "excluded_lines": 0}, "missing_lines": [109, 111, 150, 156, 157], "excluded_lines": []}, "WindowsAdapter.remove_scheduled_task": {"executed_lines": [161, 162, 164, 166, 168], "summary": {"covered_lines": 5, "num_statements": 7, "percent_covered": 71.42857142857143, "percent_covered_display": "71.43", "missing_lines": 2, "excluded_lines": 0}, "missing_lines": [169, 170], "excluded_lines": []}, "WindowsAdapter.list_scheduled_tasks": {"executed_lines": [174, 175, 176, 180, 183, 184, 185, 195], "summary": {"covered_lines": 8, "num_statements": 17, "percent_covered": 47.05882352941177, "percent_covered_display": "47.06", "missing_lines": 9, "excluded_lines": 0}, "missing_lines": [181, 187, 188, 189, 190, 192, 193, 196, 197], "excluded_lines": []}, "WindowsAdapter.task_exists": {"executed_lines": [], "summary": {"covered_lines": 0, "num_statements": 2, "percent_covered": 0.0, "percent_covered_display": "0.00", "missing_lines": 2, "excluded_lines": 0}, "missing_lines": [201, 202], "excluded_lines": []}, "WindowsAdapter._generate_task_xml": {"executed_lines": [208], "summary": {"covered_lines": 1, "num_statements": 1, "percent_covered": 100.0, "percent_covered_display": "100.00", "missing_lines": 0, "excluded_lines": 0}, "missing_lines": [], "excluded_lines": []}, "UnixAdapter.__init__": {"executed_lines": [], "summary": {"covered_lines": 0, "num_statements": 2, "percent_covered": 0.0, "percent_covered_display": "0.00", "missing_lines": 2, "excluded_lines": 0}, "missing_lines": [268, 269], "excluded_lines": []}, "UnixAdapter.create_scheduled_task": {"executed_lines": [], "summary": {"covered_lines": 0, "num_statements": 14, "percent_covered": 0.0, "percent_covered_display": "0.00", "missing_lines": 14, "excluded_lines": 0}, "missing_lines": [279, 280, 281, 283, 286, 289, 295, 298, 299, 301, 304, 310, 311, 312], "excluded_lines": []}, "UnixAdapter.remove_scheduled_task": {"executed_lines": [], "summary": {"covered_lines": 0, "num_statements": 12, "percent_covered": 0.0, "percent_covered_display": "0.00", "missing_lines": 12, "excluded_lines": 0}, "missing_lines": [316, 318, 322, 323, 325, 326, 329, 330, 333, 339, 340, 341], "excluded_lines": []}, "UnixAdapter.list_scheduled_tasks": {"executed_lines": [], "summary": {"covered_lines": 0, "num_statements": 14, "percent_covered": 0.0, "percent_covered_display": "0.00", "missing_lines": 14, "excluded_lines": 0}, "missing_lines": [345, 346, 350, 351, 353, 354, 355, 357, 358, 359, 360, 362, 363, 364], "excluded_lines": []}, "UnixAdapter.task_exists": {"executed_lines": [], "summary": {"covered_lines": 0, "num_statements": 2, "percent_covered": 0.0, "percent_covered_display": "0.00", "missing_lines": 2, "excluded_lines": 0}, "missing_lines": [368, 369], "excluded_lines": []}, "get_os_adapter": {"executed_lines": [382, 383], "summary": {"covered_lines": 2, "num_statements": 6, "percent_covered": 33.333333333333336, "percent_covered_display": "33.33", "missing_lines": 4, "excluded_lines": 0}, "missing_lines": [384, 385, 387, 388], "excluded_lines": []}, "": {"executed_lines": [1, 7, 8, 9, 10, 11, 12, 14, 17, 18, 20, 23, 24, 26, 27, 48, 49, 61, 62, 71, 72, 85, 86, 92, 94, 99, 159, 172, 199, 204, 257, 258, 264, 266, 271, 314, 343, 366, 372], "summary": {"covered_lines": 25, "num_statements": 25, "percent_covered": 100.0, "percent_covered_display": "100.00", "missing_lines": 0, "excluded_lines": 15}, "missing_lines": [], "excluded_lines": [20, 26, 27, 28, 29, 30, 31, 32, 33, 48, 49, 61, 62, 71, 72]}}, "classes": {"OSAdapterError": {"executed_lines": [], "summary": {"covered_lines": 0, "num_statements": 0, "percent_covered": 100.0, "percent_covered_display": "100.00", "missing_lines": 0, "excluded_lines": 0}, "missing_lines": [], "excluded_lines": []}, "OSAdapter": {"executed_lines": [], "summary": {"covered_lines": 0, "num_statements": 0, "percent_covered": 100.0, "percent_covered_display": "100.00", "missing_lines": 0, "excluded_lines": 40}, "missing_lines": [], "excluded_lines": [34, 35, 36, 37, 38, 39, 40, 41, 42, 43, 44, 45, 46, 50, 51, 52, 53, 54, 55, 56, 57, 58, 59, 63, 64, 65, 66, 67, 68, 69, 73, 74, 75, 76, 77, 78, 79, 80, 81, 82]}, "WindowsAdapter": {"executed_lines": [96, 107, 108, 113, 120, 128, 129, 130, 132, 134, 145, 147, 148, 153, 154, 161, 162, 164, 166, 168, 174, 175, 176, 180, 183, 184, 185, 195, 208], "summary": {"covered_lines": 29, "num_statements": 48, "percent_covered": 60.416666666666664, "percent_covered_display": "60.42", "missing_lines": 19, "excluded_lines": 0}, "missing_lines": [97, 109, 111, 150, 156, 157, 169, 170, 181, 187, 188, 189, 190, 192, 193, 196, 197, 201, 202], "excluded_lines": []}, "UnixAdapter": {"executed_lines": [], "summary": {"covered_lines": 0, "num_statements": 44, "percent_covered": 0.0, "percent_covered_display": "0.00", "missing_lines": 44, "excluded_lines": 0}, "missing_lines": [268, 269, 279, 280, 281, 283, 286, 289, 295, 298, 299, 301, 304, 310, 311, 312, 316, 318, 322, 323, 325, 326, 329, 330, 333, 339, 340, 341, 345, 346, 350, 351, 353, 354, 355, 357, 358, 359, 360, 362, 363, 364, 368, 369], "excluded_lines": []}, "": {"executed_lines": [1, 7, 8, 9, 10, 11, 12, 14, 17, 18, 20, 23, 24, 26, 27, 48, 49, 61, 62, 71, 72, 85, 86, 92, 94, 99, 159, 172, 199, 204, 257, 258, 264, 266, 271, 314, 343, 366, 372, 382, 383], "summary": {"covered_lines": 27, "num_statements": 31, "percent_covered": 87.09677419354838, "percent_covered_display": "87.10", "missing_lines": 4, "excluded_lines": 15}, "missing_lines": [384, 385, 387, 388], "excluded_lines": [20, 26, 27, 28, 29, 30, 31, 32, 33, 48, 49, 61, 62, 71, 72]}}}, "autocron\\scheduler.py": {"executed_lines": [1, 7, 8, 9, 10, 11, 12, 13, 14, 15, 16, 17, 18, 19, 20, 22, 23, 24, 25, 33, 34, 36, 45, 46, 48, 51, 52, 54, 57, 58, 82, 120, 121, 123, 124, 126, 127, 129, 130, 132, 133, 134, 135, 136, 137, 138, 139, 140, 141, 142, 143, 146, 147, 148, 151, 152, 153, 154, 156, 157, 158, 159, 162, 163, 164, 165, 166, 168, 170, 171, 176, 177, 179, 181, 182, 184, 186, 188, 189, 190, 192, 194, 195, 197, 199, 200, 202, 204, 205, 207, 214, 235, 236, 249, 250, 256, 272, 273, 274, 275, 277, 278, 279, 280, 282, 285, 286, 292, 308, 309, 310, 311, 312, 313, 314, 315, 316, 319, 320, 321, 322, 327, 328, 329, 330, 335, 379, 380, 398, 399, 402, 403, 406, 407, 410, 411, 413, 415, 416, 418, 429, 430, 431, 432, 433, 434, 437, 438, 439, 443, 444, 445, 446, 447, 448, 451, 457, 461, 472, 473, 474, 475, 476, 477, 478, 480, 487, 489, 511, 513, 514, 515, 516, 518, 521, 522, 524, 525, 526, 528, 530, 531, 538, 539, 541, 542, 552, 553, 554, 564, 568, 569, 571, 572, 574, 595, 597, 601, 603, 604, 607, 608, 610, 611, 612, 613, 614, 616, 621, 622, 625, 626, 627, 628, 631, 632, 634, 635, 636, 639, 640, 641, 642, 643, 646, 647, 649, 650, 651, 653, 656, 658, 659, 660, 661, 663, 670, 671, 672, 674, 675, 677, 678, 680, 681, 683, 685, 686, 688, 689, 692, 693, 696, 697, 698, 700, 702, 703, 705, 707, 708, 710, 711, 714, 720, 723, 726, 727, 728, 730, 731, 732, 734, 737, 738, 739, 741, 742, 743, 744, 747, 748, 749, 750, 753, 754, 756, 757, 758, 761, 762, 764, 767, 771, 772, 773, 778, 779, 780, 786, 788, 789, 790, 791, 793, 798, 799, 802, 806, 807, 808, 813, 814, 815, 822, 825, 826, 827, 829, 832, 833, 836, 837, 840, 841, 843, 844, 845, 849, 850, 851, 853, 854, 856, 859, 861, 863, 865, 866, 872, 874, 875, 877, 878, 879, 881, 883, 885, 892, 893, 894, 895, 896, 900, 929, 930, 936, 937, 940, 977, 988, 989, 990, 992, 993, 995, 996, 997, 1010, 1012, 1014, 1015, 1017, 1018, 1021, 1026, 1031, 1038, 1040, 1043, 1044, 1050, 1051, 1062, 1064, 1066, 1067, 1068, 1069, 1070, 1071, 1072, 1073, 1075, 1077, 1078, 1088, 1090, 1091, 1094, 1095, 1100, 1101, 1117, 1121, 1124, 1158, 1161, 1162, 1164, 1178, 1179, 1180, 1182, 1184, 1187, 1189, 1192, 1200, 1203, 1206, 1210, 1211, 1212, 1213], "summary": {"covered_lines": 415, "num_statements": 479, "percent_covered": 86.63883089770354, "percent_covered_display": "86.64", "missing_lines": 64, "excluded_lines": 8}, "missing_lines": [37, 38, 42, 323, 324, 331, 332, 333, 440, 441, 452, 453, 454, 455, 459, 598, 599, 716, 717, 718, 768, 774, 775, 803, 809, 810, 846, 847, 857, 868, 869, 871, 941, 942, 944, 946, 948, 949, 950, 956, 957, 962, 971, 973, 998, 999, 1000, 1003, 1004, 1005, 1006, 1007, 1008, 1016, 1019, 1028, 1029, 1033, 1034, 1041, 1058, 1059, 1060, 1201], "excluded_lines": [39, 40, 48, 54, 202, 203, 204, 205], "functions": {"Task.__init__": {"executed_lines": [120, 121, 123, 124, 126, 127, 129, 130, 132, 133, 134, 135, 136, 137, 138, 139, 140, 141, 142, 143, 146, 147, 148, 151, 152, 153, 154, 156, 157, 158, 159, 162, 163, 164, 165, 166], "summary": {"covered_lines": 36, "num_statements": 36, "percent_covered": 100.0, "percent_covered_display": "100.00", "missing_lines": 0, "excluded_lines": 0}, "missing_lines": [], "excluded_lines": []}, "Task._calculate_next_run": {"executed_lines": [170, 171, 176, 177], "summary": {"covered_lines": 4, "num_statements": 4, "percent_covered": 100.0, "percent_covered_display": "100.00", "missing_lines": 0, "excluded_lines": 0}, "missing_lines": [], "excluded_lines": []}, "Task.should_run": {"executed_lines": [181, 182, 184], "summary": {"covered_lines": 3, "num_statements": 3, "percent_covered": 100.0, "percent_covered_display": "100.00", "missing_lines": 0, "excluded_lines": 0}, "missing_lines": [], "excluded_lines": []}, "Task.update_next_run": {"executed_lines": [188, 189, 190], "summary": {"covered_lines": 3, "num_statements": 3, "percent_covered": 100.0, "percent_covered_display": "100.00", "missing_lines": 0, "excluded_lines": 0}, "missing_lines": [], "excluded_lines": []}, "Task.increment_run_count": {"executed_lines": [194, 195], "summary": {"covered_lines": 2, "num_statements": 2, "percent_covered": 100.0, "percent_covered_display": "100.00", "missing_lines": 0, "excluded_lines": 0}, "missing_lines": [], "excluded_lines": []}, "Task.increment_fail_count": {"executed_lines": [199, 200], "summary": {"covered_lines": 2, "num_statements": 2, "percent_covered": 100.0, "percent_covered_display": "100.00", "missing_lines": 0, "excluded_lines": 0}, "missing_lines": [], "excluded_lines": []}, "Task.__repr__": {"executed_lines": [204, 205], "summary": {"covered_lines": 0, "num_statements": 0, "percent_covered": 100.0, "percent_covered_display": "100.00", "missing_lines": 0, "excluded_lines": 3}, "missing_lines": [], "excluded_lines": [203, 204, 205]}, "Task.to_dict": {"executed_lines": [214], "summary": {"covered_lines": 1, "num_statements": 1, "percent_covered": 100.0, "percent_covered_display": "100.00", "missing_lines": 0, "excluded_lines": 0}, "missing_lines": [], "excluded_lines": []}, "Task.from_dict": {"executed_lines": [249, 250, 256, 272, 273, 274, 275, 277, 278, 279, 280, 282], "summary": {"covered_lines": 12, "num_statements": 12, "percent_covered": 100.0, "percent_covered_display": "100.00", "missing_lines": 0, "excluded_lines": 0}, "missing_lines": [], "excluded_lines": []}, "AutoCron.__init__": {"executed_lines": [308, 309, 310, 311, 312, 313, 314, 315, 316, 319, 320, 321, 322, 327, 328, 329, 330], "summary": {"covered_lines": 17, "num_statements": 22, "percent_covered": 77.27272727272727, "percent_covered_display": "77.27", "missing_lines": 5, "excluded_lines": 0}, "missing_lines": [323, 324, 331, 332, 333], "excluded_lines": []}, "AutoCron.add_task": {"executed_lines": [379, 380, 398, 399, 402, 403, 406, 407, 410, 411, 413, 415, 416], "summary": {"covered_lines": 13, "num_statements": 13, "percent_covered": 100.0, "percent_covered_display": "100.00", "missing_lines": 0, "excluded_lines": 0}, "missing_lines": [], "excluded_lines": []}, "AutoCron.remove_task": {"executed_lines": [429, 430, 431, 432, 433, 434, 437, 438, 439, 443, 444, 445, 446, 447, 448, 451, 457], "summary": {"covered_lines": 17, "num_statements": 24, "percent_covered": 70.83333333333333, "percent_covered_display": "70.83", "missing_lines": 7, "excluded_lines": 0}, "missing_lines": [440, 441, 452, 453, 454, 455, 459], "excluded_lines": []}, "AutoCron.get_task": {"executed_lines": [472, 473, 474, 475, 476, 477, 478], "summary": {"covered_lines": 7, "num_statements": 7, "percent_covered": 100.0, "percent_covered_display": "100.00", "missing_lines": 0, "excluded_lines": 0}, "missing_lines": [], "excluded_lines": []}, "AutoCron.list_tasks": {"executed_lines": [487], "summary": {"covered_lines": 1, "num_statements": 1, "percent_covered": 100.0, "percent_covered_display": "100.00", "missing_lines": 0, "excluded_lines": 0}, "missing_lines": [], "excluded_lines": []}, "AutoCron.save_tasks": {"executed_lines": [511, 513, 514, 515, 516, 518, 521, 522, 524, 525, 526, 528, 530, 531, 538, 539, 541, 542, 552, 553, 554, 564, 568, 569, 571, 572], "summary": {"covered_lines": 26, "num_statements": 26, "percent_covered": 100.0, "percent_covered_display": "100.00", "missing_lines": 0, "excluded_lines": 0}, "missing_lines": [], "excluded_lines": []}, "AutoCron.load_tasks": {"executed_lines": [595, 597, 601, 603, 604, 607, 608, 610, 611, 612, 613, 614, 616, 621, 622, 625, 626, 627, 628, 631, 632, 634, 635, 636, 639, 640, 641, 642, 643, 646, 647, 649, 650, 651, 653, 656, 658, 659, 660, 661], "summary": {"covered_lines": 40, "num_statements": 42, "percent_covered": 95.23809523809524, "percent_covered_display": "95.24", "missing_lines": 2, "excluded_lines": 0}, "missing_lines": [598, 599], "excluded_lines": []}, "AutoCron.start": {"executed_lines": [670, 671, 672, 674, 675, 677, 678, 680, 681], "summary": {"covered_lines": 9, "num_statements": 9, "percent_covered": 100.0, "percent_covered_display": "100.00", "missing_lines": 0, "excluded_lines": 0}, "missing_lines": [], "excluded_lines": []}, "AutoCron.stop": {"executed_lines": [685, 686, 688, 689, 692, 693, 696, 697, 698], "summary": {"covered_lines": 9, "num_statements": 9, "percent_covered": 100.0, "percent_covered_display": "100.00", "missing_lines": 0, "excluded_lines": 0}, "missing_lines": [], "excluded_lines": []}, "AutoCron._run": {"executed_lines": [702, 703, 705, 707, 708, 710, 711, 714], "summary": {"covered_lines": 8, "num_statements": 11, "percent_covered": 72.72727272727273, "percent_covered_display": "72.73", "missing_lines": 3, "excluded_lines": 0}, "missing_lines": [716, 717, 718], "excluded_lines": []}, "AutoCron._execute_task_async": {"executed_lines": [723, 726, 727, 728, 730, 731, 732], "summary": {"covered_lines": 7, "num_statements": 7, "percent_covered": 100.0, "percent_covered_display": "100.00", "missing_lines": 0, "excluded_lines": 0}, "missing_lines": [], "excluded_lines": []}, "AutoCron._execute_task": {"executed_lines": [737, 738, 739, 741, 742, 743, 744, 747, 748, 749, 750, 753, 754, 756, 757, 758, 761, 762, 764, 767, 771, 772, 773, 778, 779, 780, 786, 788, 789, 790, 791, 793, 798, 799, 802, 806, 807, 808, 813, 814, 815, 822, 825, 826, 827], "summary": {"covered_lines": 45, "num_statements": 51, "percent_covered": 88.23529411764706, "percent_covered_display": "88.24", "missing_lines": 6, "excluded_lines": 0}, "missing_lines": [768, 774, 775, 803, 809, 810], "excluded_lines": []}, "AutoCron._execute_function": {"executed_lines": [832, 833, 836, 837, 840, 841, 843, 849, 850, 851, 853, 854, 856, 859], "summary": {"covered_lines": 14, "num_statements": 15, "percent_covered": 93.33333333333333, "percent_covered_display": "93.33", "missing_lines": 1, "excluded_lines": 0}, "missing_lines": [857], "excluded_lines": []}, "AutoCron._execute_function.wrapper": {"executed_lines": [844, 845], "summary": {"covered_lines": 2, "num_statements": 4, "percent_covered": 50.0, "percent_covered_display": "50.00", "missing_lines": 2, "excluded_lines": 0}, "missing_lines": [846, 847], "excluded_lines": []}, "AutoCron._execute_async_function": {"executed_lines": [863, 865, 866, 872, 874, 875, 877, 878, 879], "summary": {"covered_lines": 9, "num_statements": 12, "percent_covered": 75.0, "percent_covered_display": "75.00", "missing_lines": 3, "excluded_lines": 0}, "missing_lines": [868, 869, 871], "excluded_lines": []}, "AutoCron._execute_script": {"executed_lines": [883, 885, 892, 893, 894, 895, 896], "summary": {"covered_lines": 7, "num_statements": 7, "percent_covered": 100.0, "percent_covered_display": "100.00", "missing_lines": 0, "excluded_lines": 0}, "missing_lines": [], "excluded_lines": []}, "AutoCron._execute_in_safe_mode": {"executed_lines": [929, 930, 936, 937, 940, 977, 988, 989, 990, 992, 993, 995, 996, 997], "summary": {"covered_lines": 14, "num_statements": 29, "percent_covered": 48.275862068965516, "percent_covered_display": "48.28", "missing_lines": 15, "excluded_lines": 0}, "missing_lines": [941, 942, 944, 962, 971, 973, 998, 999, 1000, 1003, 1004, 1005, 1006, 1007, 1008], "excluded_lines": []}, "AutoCron._execute_in_safe_mode.set_limits": {"executed_lines": [], "summary": {"covered_lines": 0, "num_statements": 6, "percent_covered": 0.0, "percent_covered_display": "0.00", "missing_lines": 6, "excluded_lines": 0}, "missing_lines": [946, 948, 949, 950, 956, 957], "excluded_lines": []}, "AutoCron._setup_task_notifications": {"executed_lines": [1012, 1014, 1015, 1017, 1018, 1021], "summary": {"covered_lines": 6, "num_statements": 8, "percent_covered": 75.0, "percent_covered_display": "75.00", "missing_lines": 2, "excluded_lines": 0}, "missing_lines": [1016, 1019], "excluded_lines": []}, "AutoCron._notify_success": {"executed_lines": [], "summary": {"covered_lines": 0, "num_statements": 2, "percent_covered": 0.0, "percent_covered_display": "0.00", "missing_lines": 2, "excluded_lines": 0}, "missing_lines": [1028, 1029], "excluded_lines": []}, "AutoCron._notify_failure": {"executed_lines": [], "summary": {"covered_lines": 0, "num_statements": 2, "percent_covered": 0.0, "percent_covered_display": "0.00", "missing_lines": 2, "excluded_lines": 0}, "missing_lines": [1033, 1034], "excluded_lines": []}, "AutoCron._register_os_task": {"executed_lines": [1040, 1043, 1044, 1050, 1051], "summary": {"covered_lines": 5, "num_statements": 9, "percent_covered": 55.55555555555556, "percent_covered_display": "55.56", "missing_lines": 4, "excluded_lines": 0}, "missing_lines": [1041, 1058, 1059, 1060], "excluded_lines": []}, "AutoCron._interval_to_cron": {"executed_lines": [1064, 1066, 1067, 1068, 1069, 1070, 1071, 1072, 1073, 1075], "summary": {"covered_lines": 10, "num_statements": 10, "percent_covered": 100.0, "percent_covered_display": "100.00", "missing_lines": 0, "excluded_lines": 0}, "missing_lines": [], "excluded_lines": []}, "AutoCron.from_config": {"executed_lines": [1088, 1090, 1091, 1094, 1095, 1100, 1101, 1117], "summary": {"covered_lines": 8, "num_statements": 8, "percent_covered": 100.0, "percent_covered_display": "100.00", "missing_lines": 0, "excluded_lines": 0}, "missing_lines": [], "excluded_lines": []}, "schedule": {"executed_lines": [1158, 1184], "summary": {"covered_lines": 2, "num_statements": 2, "percent_covered": 100.0, "percent_covered_display": "100.00", "missing_lines": 0, "excluded_lines": 0}, "missing_lines": [], "excluded_lines": []}, "schedule.decorator": {"executed_lines": [1161, 1162, 1164, 1178, 1179, 1182], "summary": {"covered_lines": 6, "num_statements": 6, "percent_covered": 100.0, "percent_covered_display": "100.00", "missing_lines": 0, "excluded_lines": 0}, "missing_lines": [], "excluded_lines": []}, "schedule.decorator.wrapper": {"executed_lines": [1180], "summary": {"covered_lines": 1, "num_statements": 1, "percent_covered": 100.0, "percent_covered_display": "100.00", "missing_lines": 0, "excluded_lines": 0}, "missing_lines": [], "excluded_lines": []}, "get_global_scheduler": {"executed_lines": [1189], "summary": {"covered_lines": 1, "num_statements": 1, "percent_covered": 100.0, "percent_covered_display": "100.00", "missing_lines": 0, "excluded_lines": 0}, "missing_lines": [], "excluded_lines": []}, "start_scheduler": {"executed_lines": [1200, 1203], "summary": {"covered_lines": 2, "num_statements": 3, "percent_covered": 66.66666666666667, "percent_covered_display": "66.67", "missing_lines": 1, "excluded_lines": 0}, "missing_lines": [1201], "excluded_lines": []}, "reset_global_scheduler": {"executed_lines": [1210, 1211, 1212, 1213], "summary": {"covered_lines": 4, "num_statements": 4, "percent_covered": 100.0, "percent_covered_display": "100.00", "missing_lines": 0, "excluded_lines": 0}, "missing_lines": [], "excluded_lines": []}, "": {"executed_lines": [1, 7, 8, 9, 10, 11, 12, 13, 14, 15, 16, 17, 18, 19, 20, 22, 23, 24, 25, 33, 34, 36, 45, 46, 48, 51, 52, 54, 57, 58, 82, 168, 179, 186, 192, 197, 202, 207, 235, 236, 285, 286, 292, 335, 418, 461, 480, 489, 574, 663, 683, 700, 720, 734, 829, 861, 881, 900, 1010, 1026, 1031, 1038, 1062, 1077, 1078, 1121, 1124, 1187, 1192, 1206], "summary": {"covered_lines": 62, "num_statements": 65, "percent_covered": 95.38461538461539, "percent_covered_display": "95.38", "missing_lines": 3, "excluded_lines": 5}, "missing_lines": [37, 38, 42], "excluded_lines": [39, 40, 48, 54, 202]}}, "classes": {"TaskExecutionError": {"executed_lines": [], "summary": {"covered_lines": 0, "num_statements": 0, "percent_covered": 100.0, "percent_covered_display": "100.00", "missing_lines": 0, "excluded_lines": 0}, "missing_lines": [], "excluded_lines": []}, "SchedulingError": {"executed_lines": [], "summary": {"covered_lines": 0, "num_statements": 0, "percent_covered": 100.0, "percent_covered_display": "100.00", "missing_lines": 0, "excluded_lines": 0}, "missing_lines": [], "excluded_lines": []}, "Task": {"executed_lines": [120, 121, 123, 124, 126, 127, 129, 130, 132, 133, 134, 135, 136, 137, 138, 139, 140, 141, 142, 143, 146, 147, 148, 151, 152, 153, 154, 156, 157, 158, 159, 162, 163, 164, 165, 166, 170, 171, 176, 177, 181, 182, 184, 188, 189, 190, 194, 195, 199, 200, 204, 205, 214, 249, 250, 256, 272, 273, 274, 275, 277, 278, 279, 280, 282], "summary": {"covered_lines": 63, "num_statements": 63, "percent_covered": 100.0, "percent_covered_display": "100.00", "missing_lines": 0, "excluded_lines": 3}, "missing_lines": [], "excluded_lines": [203, 204, 205]}, "AutoCron": {"executed_lines": [308, 309, 310, 311, 312, 313, 314, 315, 316, 319, 320, 321, 322, 327, 328, 329, 330, 379, 380, 398, 399, 402, 403, 406, 407, 410, 411, 413, 415, 416, 429, 430, 431, 432, 433, 434, 437, 438, 439, 443, 444, 445, 446, 447, 448, 451, 457, 472, 473, 474, 475, 476, 477, 478, 487, 511, 513, 514, 515, 516, 518, 521, 522, 524, 525, 526, 528, 530, 531, 538, 539, 541, 542, 552, 553, 554, 564, 568, 569, 571, 572, 595, 597, 601, 603, 604, 607, 608, 610, 611, 612, 613, 614, 616, 621, 622, 625, 626, 627, 628, 631, 632, 634, 635, 636, 639, 640, 641, 642, 643, 646, 647, 649, 650, 651, 653, 656, 658, 659, 660, 661, 670, 671, 672, 674, 675, 677, 678, 680, 681, 685, 686, 688, 689, 692, 693, 696, 697, 698, 702, 703, 705, 707, 708, 710, 711, 714, 723, 726, 727, 728, 730, 731, 732, 737, 738, 739, 741, 742, 743, 744, 747, 748, 749, 750, 753, 754, 756, 757, 758, 761, 762, 764, 767, 771, 772, 773, 778, 779, 780, 786, 788, 789, 790, 791, 793, 798, 799, 802, 806, 807, 808, 813, 814, 815, 822, 825, 826, 827, 832, 833, 836, 837, 840, 841, 843, 844, 845, 849, 850, 851, 853, 854, 856, 859, 863, 865, 866, 872, 874, 875, 877, 878, 879, 883, 885, 892, 893, 894, 895, 896, 929, 930, 936, 937, 940, 977, 988, 989, 990, 992, 993, 995, 996, 997, 1012, 1014, 1015, 1017, 1018, 1021, 1040, 1043, 1044, 1050, 1051, 1064, 1066, 1067, 1068, 1069, 1070, 1071, 1072, 1073, 1075, 1088, 1090, 1091, 1094, 1095, 1100, 1101, 1117], "summary": {"covered_lines": 274, "num_statements": 334, "percent_covered": 82.03592814371258, "percent_covered_display": "82.04", "missing_lines": 60, "excluded_lines": 0}, "missing_lines": [323, 324, 331, 332, 333, 440, 441, 452, 453, 454, 455, 459, 598, 599, 716, 717, 718, 768, 774, 775, 803, 809, 810, 846, 847, 857, 868, 869, 871, 941, 942, 944, 946, 948, 949, 950, 956, 957, 962, 971, 973, 998, 999, 1000, 1003, 1004, 1005, 1006, 1007, 1008, 1016, 1019, 1028, 1029, 1033, 1034, 1041, 1058, 1059, 1060], "excluded_lines": []}, "": {"executed_lines": [1, 7, 8, 9, 10, 11, 12, 13, 14, 15, 16, 17, 18, 19, 20, 22, 23, 24, 25, 33, 34, 36, 45, 46, 48, 51, 52, 54, 57, 58, 82, 168, 179, 186, 192, 197, 202, 207, 235, 236, 285, 286, 292, 335, 418, 461, 480, 489, 574, 663, 683, 700, 720, 734, 829, 861, 881, 900, 1010, 1026, 1031, 1038, 1062, 1077, 1078, 1121, 1124, 1158, 1161, 1162, 1164, 1178, 1179, 1180, 1182, 1184, 1187, 1189, 1192, 1200, 1203, 1206, 1210, 1211, 1212, 1213], "summary": {"covered_lines": 78, "num_statements": 82, "percent_covered": 95.1219512195122, "percent_covered_display": "95.12", "missing_lines": 4, "excluded_lines": 5}, "missing_lines": [37, 38, 42, 1201], "excluded_lines": [39, 40, 48, 54, 202]}}}, "autocron\\utils.py": {"executed_lines": [1, 8, 9, 10, 11, 12, 15, 16, 18, 21, 44, 45, 47, 48, 52, 53, 55, 57, 60, 76, 78, 80, 81, 82, 85, 97, 108, 110, 113, 115, 118, 120, 123, 137, 139, 140, 141, 142, 144, 145, 146, 147, 148, 149, 150, 151, 152, 154, 157, 172, 174, 176, 179, 193, 194, 196, 199, 200, 201, 202, 205, 225, 226, 229, 240, 241, 243, 244, 245, 248, 249, 255, 257, 258, 259, 260, 263, 270, 272, 275, 282, 284, 285, 286], "summary": {"covered_lines": 80, "num_statements": 84, "percent_covered": 95.23809523809524, "percent_covered_display": "95.24", "missing_lines": 4, "excluded_lines": 1}, "missing_lines": [197, 242, 288, 289], "excluded_lines": [18], "functions": {"parse_interval": {"executed_lines": [44, 45, 47, 48, 52, 53, 55, 57], "summary": {"covered_lines": 8, "num_statements": 8, "percent_covered": 100.0, "percent_covered_display": "100.00", "missing_lines": 0, "excluded_lines": 0}, "missing_lines": [], "excluded_lines": []}, "validate_cron_expression": {"executed_lines": [76, 78, 80, 81, 82], "summary": {"covered_lines": 5, "num_statements": 5, "percent_covered": 100.0, "percent_covered_display": "100.00", "missing_lines": 0, "excluded_lines": 0}, "missing_lines": [], "excluded_lines": []}, "get_platform_info": {"executed_lines": [97], "summary": {"covered_lines": 1, "num_statements": 1, "percent_covered": 100.0, "percent_covered_display": "100.00", "missing_lines": 0, "excluded_lines": 0}, "missing_lines": [], "excluded_lines": []}, "is_windows": {"executed_lines": [110], "summary": {"covered_lines": 1, "num_statements": 1, "percent_covered": 100.0, "percent_covered_display": "100.00", "missing_lines": 0, "excluded_lines": 0}, "missing_lines": [], "excluded_lines": []}, "is_linux": {"executed_lines": [115], "summary": {"covered_lines": 1, "num_statements": 1, "percent_covered": 100.0, "percent_covered_display": "100.00", "missing_lines": 0, "excluded_lines": 0}, "missing_lines": [], "excluded_lines": []}, "is_macos": {"executed_lines": [120], "summary": {"covered_lines": 1, "num_statements": 1, "percent_covered": 100.0, "percent_covered_display": "100.00", "missing_lines": 0, "excluded_lines": 0}, "missing_lines": [], "excluded_lines": []}, "format_timedelta": {"executed_lines": [137, 139, 140, 141, 142, 144, 145, 146, 147, 148, 149, 150, 151, 152, 154], "summary": {"covered_lines": 15, "num_statements": 15, "percent_covered": 100.0, "percent_covered_display": "100.00", "missing_lines": 0, "excluded_lines": 0}, "missing_lines": [], "excluded_lines": []}, "sanitize_task_name": {"executed_lines": [172, 174, 176], "summary": {"covered_lines": 3, "num_statements": 3, "percent_covered": 100.0, "percent_covered_display": "100.00", "missing_lines": 0, "excluded_lines": 0}, "missing_lines": [], "excluded_lines": []}, "get_next_run_time": {"executed_lines": [193, 194, 196, 199, 200, 201, 202], "summary": {"covered_lines": 7, "num_statements": 8, "percent_covered": 87.5, "percent_covered_display": "87.50", "missing_lines": 1, "excluded_lines": 0}, "missing_lines": [197], "excluded_lines": []}, "calculate_retry_delay": {"executed_lines": [225, 226], "summary": {"covered_lines": 2, "num_statements": 2, "percent_covered": 100.0, "percent_covered_display": "100.00", "missing_lines": 0, "excluded_lines": 0}, "missing_lines": [], "excluded_lines": []}, "safe_import": {"executed_lines": [240, 241, 243, 244, 245], "summary": {"covered_lines": 5, "num_statements": 6, "percent_covered": 83.33333333333333, "percent_covered_display": "83.33", "missing_lines": 1, "excluded_lines": 0}, "missing_lines": [242], "excluded_lines": []}, "SingletonMeta.__call__": {"executed_lines": [258, 259, 260], "summary": {"covered_lines": 3, "num_statements": 3, "percent_covered": 100.0, "percent_covered_display": "100.00", "missing_lines": 0, "excluded_lines": 0}, "missing_lines": [], "excluded_lines": []}, "ensure_directory": {"executed_lines": [270, 272], "summary": {"covered_lines": 2, "num_statements": 2, "percent_covered": 100.0, "percent_covered_display": "100.00", "missing_lines": 0, "excluded_lines": 0}, "missing_lines": [], "excluded_lines": []}, "get_default_log_path": {"executed_lines": [282, 284, 285, 286], "summary": {"covered_lines": 4, "num_statements": 6, "percent_covered": 66.66666666666667, "percent_covered_display": "66.67", "missing_lines": 2, "excluded_lines": 0}, "missing_lines": [288, 289], "excluded_lines": []}, "": {"executed_lines": [1, 8, 9, 10, 11, 12, 15, 16, 18, 21, 60, 85, 108, 113, 118, 123, 157, 179, 205, 229, 248, 249, 255, 257, 263, 275], "summary": {"covered_lines": 22, "num_statements": 22, "percent_covered": 100.0, "percent_covered_display": "100.00", "missing_lines": 0, "excluded_lines": 1}, "missing_lines": [], "excluded_lines": [18]}}, "classes": {"TimeParseError": {"executed_lines": [], "summary": {"covered_lines": 0, "num_statements": 0, "percent_covered": 100.0, "percent_covered_display": "100.00", "missing_lines": 0, "excluded_lines": 0}, "missing_lines": [], "excluded_lines": []}, "SingletonMeta": {"executed_lines": [258, 259, 260], "summary": {"covered_lines": 3, "num_statements": 3, "percent_covered": 100.0, "percent_covered_display": "100.00", "missing_lines": 0, "excluded_lines": 0}, "missing_lines": [], "excluded_lines": []}, "": {"executed_lines": [1, 8, 9, 10, 11, 12, 15, 16, 18, 21, 44, 45, 47, 48, 52, 53, 55, 57, 60, 76, 78, 80, 81, 82, 85, 97, 108, 110, 113, 115, 118, 120, 123, 137, 139, 140, 141, 142, 144, 145, 146, 147, 148, 149, 150, 151, 152, 154, 157, 172, 174, 176, 179, 193, 194, 196, 199, 200, 201, 202, 205, 225, 226, 229, 240, 241, 243, 244, 245, 248, 249, 255, 257, 263, 270, 272, 275, 282, 284, 285, 286], "summary": {"covered_lines": 77, "num_statements": 81, "percent_covered": 95.06172839506173, "percent_covered_display": "95.06", "missing_lines": 4, "excluded_lines": 1}, "missing_lines": [197, 242, 288, 289], "excluded_lines": [18]}}}, "autocron\\version.py": {"executed_lines": [1, 3, 4, 5, 6, 7], "summary": {"covered_lines": 5, "num_statements": 5, "percent_covered": 100.0, "percent_covered_display": "100.00", "missing_lines": 0, "excluded_lines": 0}, "missing_lines": [], "excluded_lines": [], "functions": {"": {"executed_lines": [1, 3, 4, 5, 6, 7], "summary": {"covered_lines": 5, "num_statements": 5, "percent_covered": 100.0, "percent_covered_display": "100.00", "missing_lines": 0, "excluded_lines": 0}, "missing_lines": [], "excluded_lines": []}}, "classes": {"": {"executed_lines": [1, 3, 4, 5, 6, 7], "summary": {"covered_lines": 5, "num_statements": 5, "percent_covered": 100.0, "percent_covered_display": "100.00", "missing_lines": 0, "excluded_lines": 0}, "missing_lines": [], "excluded_lines": []}}}}, "totals": {"covered_lines": 794, "num_statements": 1097, "percent_covered": 72.3792160437557, "percent_covered_display": "72.38", "missing_lines": 303, "excluded_lines": 87}}